[3.365s] Invoking command in '/home/imad/ros2_ws/src/my_car_description': PYTHONPATH=/home/imad/ros2_ws/src/build/my_car_description/prefix_override:/usr/lib/python3/dist-packages/colcon_core/task/python/colcon_distutils_commands:/home/imad/ros2_ws/src/install/my_car_description/lib/python3.10/site-packages:${PYTHONPATH} /usr/bin/python3 -W ignore:setup.py install is deprecated -W ignore:easy_install command is deprecated setup.py egg_info --egg-base ../build/my_car_description build --build-base /home/imad/ros2_ws/src/build/my_car_description/build install --record /home/imad/ros2_ws/src/build/my_car_description/install.log --single-version-externally-managed install_data
[4.008s] running egg_info
[4.014s] writing ../build/my_car_description/my_car_description.egg-info/PKG-INFO
[4.015s] writing dependency_links to ../build/my_car_description/my_car_description.egg-info/dependency_links.txt
[4.017s] writing entry points to ../build/my_car_description/my_car_description.egg-info/entry_points.txt
[4.017s] writing requirements to ../build/my_car_description/my_car_description.egg-info/requires.txt
[4.017s] writing top-level names to ../build/my_car_description/my_car_description.egg-info/top_level.txt
[4.022s] reading manifest file '../build/my_car_description/my_car_description.egg-info/SOURCES.txt'
[4.025s] writing manifest file '../build/my_car_description/my_car_description.egg-info/SOURCES.txt'
[4.025s] running build
[4.026s] running build_py
[4.028s] running install
[4.029s] running install_lib
[4.034s] running install_data
[4.034s] copying urdf/simple_car.urdf.xacro -> /home/imad/ros2_ws/src/install/my_car_description/share/my_car_description/urdf
[4.037s] running install_egg_info
[4.044s] removing '/home/imad/ros2_ws/src/install/my_car_description/lib/python3.10/site-packages/my_car_description-0.0.0-py3.10.egg-info' (and everything under it)
[4.047s] Copying ../build/my_car_description/my_car_description.egg-info to /home/imad/ros2_ws/src/install/my_car_description/lib/python3.10/site-packages/my_car_description-0.0.0-py3.10.egg-info
[4.054s] running install_scripts
[4.141s] writing list of installed files to '/home/imad/ros2_ws/src/build/my_car_description/install.log'
[4.260s] Invoked command in '/home/imad/ros2_ws/src/my_car_description' returned '0': PYTHONPATH=/home/imad/ros2_ws/src/build/my_car_description/prefix_override:/usr/lib/python3/dist-packages/colcon_core/task/python/colcon_distutils_commands:/home/imad/ros2_ws/src/install/my_car_description/lib/python3.10/site-packages:${PYTHONPATH} /usr/bin/python3 -W ignore:setup.py install is deprecated -W ignore:easy_install command is deprecated setup.py egg_info --egg-base ../build/my_car_description build --build-base /home/imad/ros2_ws/src/build/my_car_description/build install --record /home/imad/ros2_ws/src/build/my_car_description/install.log --single-version-externally-managed install_data
