running egg_info
creating build/my_car_description/my_car_description.egg-info
writing build/my_car_description/my_car_description.egg-info/PKG-INFO
writing dependency_links to build/my_car_description/my_car_description.egg-info/dependency_links.txt
writing entry points to build/my_car_description/my_car_description.egg-info/entry_points.txt
writing requirements to build/my_car_description/my_car_description.egg-info/requires.txt
writing top-level names to build/my_car_description/my_car_description.egg-info/top_level.txt
writing manifest file 'build/my_car_description/my_car_description.egg-info/SOURCES.txt'
reading manifest file 'build/my_car_description/my_car_description.egg-info/SOURCES.txt'
writing manifest file 'build/my_car_description/my_car_description.egg-info/SOURCES.txt'
running build
running build_py
creating /home/imad/ros2_ws/src/my_car_description/build/my_car_description/build
creating /home/imad/ros2_ws/src/my_car_description/build/my_car_description/build/lib
creating /home/imad/ros2_ws/src/my_car_description/build/my_car_description/build/lib/my_car_description
copying my_car_description/__init__.py -> /home/imad/ros2_ws/src/my_car_description/build/my_car_description/build/lib/my_car_description
running install
running install_lib
creating /home/imad/ros2_ws/src/my_car_description/install/my_car_description/lib/python3.10/site-packages/my_car_description
copying /home/imad/ros2_ws/src/my_car_description/build/my_car_description/build/lib/my_car_description/__init__.py -> /home/imad/ros2_ws/src/my_car_description/install/my_car_description/lib/python3.10/site-packages/my_car_description
byte-compiling /home/imad/ros2_ws/src/my_car_description/install/my_car_description/lib/python3.10/site-packages/my_car_description/__init__.py to __init__.cpython-310.pyc
running install_data
creating /home/imad/ros2_ws/src/my_car_description/install/my_car_description/share/ament_index
creating /home/imad/ros2_ws/src/my_car_description/install/my_car_description/share/ament_index/resource_index
creating /home/imad/ros2_ws/src/my_car_description/install/my_car_description/share/ament_index/resource_index/packages
copying resource/my_car_description -> /home/imad/ros2_ws/src/my_car_description/install/my_car_description/share/ament_index/resource_index/packages
copying package.xml -> /home/imad/ros2_ws/src/my_car_description/install/my_car_description/share/my_car_description
creating /home/imad/ros2_ws/src/my_car_description/install/my_car_description/share/my_car_description/urdf
