[2.155s] Invoking command in '/home/imad/ros2_ws/src/my_car_description': PYTHONPATH=/home/imad/ros2_ws/src/build/my_car_description/prefix_override:/usr/lib/python3/dist-packages/colcon_core/task/python/colcon_distutils_commands:/home/imad/ros2_ws/src/install/my_car_description/lib/python3.10/site-packages:${PYTHONPATH} /usr/bin/python3 -W ignore:setup.py install is deprecated -W ignore:easy_install command is deprecated setup.py egg_info --egg-base ../build/my_car_description build --build-base /home/imad/ros2_ws/src/build/my_car_description/build install --record /home/imad/ros2_ws/src/build/my_car_description/install.log --single-version-externally-managed install_data
[2.420s] running egg_info
[2.422s] writing ../build/my_car_description/my_car_description.egg-info/PKG-INFO
[2.423s] writing dependency_links to ../build/my_car_description/my_car_description.egg-info/dependency_links.txt
[2.423s] writing entry points to ../build/my_car_description/my_car_description.egg-info/entry_points.txt
[2.423s] writing requirements to ../build/my_car_description/my_car_description.egg-info/requires.txt
[2.424s] writing top-level names to ../build/my_car_description/my_car_description.egg-info/top_level.txt
[2.427s] reading manifest file '../build/my_car_description/my_car_description.egg-info/SOURCES.txt'
[2.429s] writing manifest file '../build/my_car_description/my_car_description.egg-info/SOURCES.txt'
[2.429s] running build
[2.430s] running build_py
[2.431s] running install
[2.431s] running install_lib
[2.432s] running install_data
[2.432s] copying urdf/simple_car.urdf.xacro -> /home/imad/ros2_ws/src/install/my_car_description/share/my_car_description/urdf
[2.434s] running install_egg_info
[2.437s] removing '/home/imad/ros2_ws/src/install/my_car_description/lib/python3.10/site-packages/my_car_description-0.0.0-py3.10.egg-info' (and everything under it)
[2.438s] Copying ../build/my_car_description/my_car_description.egg-info to /home/imad/ros2_ws/src/install/my_car_description/lib/python3.10/site-packages/my_car_description-0.0.0-py3.10.egg-info
[2.441s] running install_scripts
[2.464s] writing list of installed files to '/home/imad/ros2_ws/src/build/my_car_description/install.log'
[2.582s] Invoked command in '/home/imad/ros2_ws/src/my_car_description' returned '0': PYTHONPATH=/home/imad/ros2_ws/src/build/my_car_description/prefix_override:/usr/lib/python3/dist-packages/colcon_core/task/python/colcon_distutils_commands:/home/imad/ros2_ws/src/install/my_car_description/lib/python3.10/site-packages:${PYTHONPATH} /usr/bin/python3 -W ignore:setup.py install is deprecated -W ignore:easy_install command is deprecated setup.py egg_info --egg-base ../build/my_car_description build --build-base /home/imad/ros2_ws/src/build/my_car_description/build install --record /home/imad/ros2_ws/src/build/my_car_description/install.log --single-version-externally-managed install_data
