[1.296s] Invoking command in '/home/imad/ros2_ws/src/emergency_brake': PYTHONPATH=/home/imad/ros2_ws/src/build/emergency_brake/prefix_override:/usr/lib/python3/dist-packages/colcon_core/task/python/colcon_distutils_commands:/home/imad/ros2_ws/src/install/emergency_brake/lib/python3.10/site-packages:${PYTHONPATH} /usr/bin/python3 -W ignore:setup.py install is deprecated -W ignore:easy_install command is deprecated setup.py egg_info --egg-base ../build/emergency_brake build --build-base /home/imad/ros2_ws/src/build/emergency_brake/build install --record /home/imad/ros2_ws/src/build/emergency_brake/install.log --single-version-externally-managed install_data
[1.564s] running egg_info
[1.566s] writing ../build/emergency_brake/emergency_brake.egg-info/PKG-INFO
[1.567s] writing dependency_links to ../build/emergency_brake/emergency_brake.egg-info/dependency_links.txt
[1.567s] writing entry points to ../build/emergency_brake/emergency_brake.egg-info/entry_points.txt
[1.567s] writing requirements to ../build/emergency_brake/emergency_brake.egg-info/requires.txt
[1.567s] writing top-level names to ../build/emergency_brake/emergency_brake.egg-info/top_level.txt
[1.569s] reading manifest file '../build/emergency_brake/emergency_brake.egg-info/SOURCES.txt'
[1.570s] writing manifest file '../build/emergency_brake/emergency_brake.egg-info/SOURCES.txt'
[1.571s] running build
[1.571s] running build_py
[1.571s] running install
[1.572s] running install_lib
[1.574s] running install_data
[1.574s] running install_egg_info
[1.578s] removing '/home/imad/ros2_ws/src/install/emergency_brake/lib/python3.10/site-packages/emergency_brake-0.0.0-py3.10.egg-info' (and everything under it)
[1.578s] Copying ../build/emergency_brake/emergency_brake.egg-info to /home/imad/ros2_ws/src/install/emergency_brake/lib/python3.10/site-packages/emergency_brake-0.0.0-py3.10.egg-info
[1.580s] running install_scripts
[1.606s] Installing emergency_stop script to /home/imad/ros2_ws/src/install/emergency_brake/lib/emergency_brake
[1.607s] writing list of installed files to '/home/imad/ros2_ws/src/build/emergency_brake/install.log'
[1.645s] Invoked command in '/home/imad/ros2_ws/src/emergency_brake' returned '0': PYTHONPATH=/home/imad/ros2_ws/src/build/emergency_brake/prefix_override:/usr/lib/python3/dist-packages/colcon_core/task/python/colcon_distutils_commands:/home/imad/ros2_ws/src/install/emergency_brake/lib/python3.10/site-packages:${PYTHONPATH} /usr/bin/python3 -W ignore:setup.py install is deprecated -W ignore:easy_install command is deprecated setup.py egg_info --egg-base ../build/emergency_brake build --build-base /home/imad/ros2_ws/src/build/emergency_brake/build install --record /home/imad/ros2_ws/src/build/emergency_brake/install.log --single-version-externally-managed install_data
