[0.696s] Invoking command in '/home/imad/ros2_ws/src/my_car_description': PYTHONPATH=/home/imad/ros2_ws/src/my_car_description/build/my_car_description/prefix_override:/usr/lib/python3/dist-packages/colcon_core/task/python/colcon_distutils_commands:/home/imad/ros2_ws/src/my_car_description/install/my_car_description/lib/python3.10/site-packages:${PYTHONPATH} /usr/bin/python3 -W ignore:setup.py install is deprecated -W ignore:easy_install command is deprecated setup.py egg_info --egg-base build/my_car_description build --build-base /home/imad/ros2_ws/src/my_car_description/build/my_car_description/build install --record /home/imad/ros2_ws/src/my_car_description/build/my_car_description/install.log --single-version-externally-managed install_data
[0.938s] running egg_info
[0.939s] writing build/my_car_description/my_car_description.egg-info/PKG-INFO
[0.939s] writing dependency_links to build/my_car_description/my_car_description.egg-info/dependency_links.txt
[0.939s] writing entry points to build/my_car_description/my_car_description.egg-info/entry_points.txt
[0.939s] writing requirements to build/my_car_description/my_car_description.egg-info/requires.txt
[0.940s] writing top-level names to build/my_car_description/my_car_description.egg-info/top_level.txt
[0.942s] reading manifest file 'build/my_car_description/my_car_description.egg-info/SOURCES.txt'
[0.943s] writing manifest file 'build/my_car_description/my_car_description.egg-info/SOURCES.txt'
[0.943s] running build
[0.943s] running build_py
[0.943s] running install
[0.944s] running install_lib
[0.946s] running install_data
[0.946s] copying urdf/simple_car.urdf.xacro -> /home/imad/ros2_ws/src/my_car_description/install/my_car_description/share/my_car_description/urdf
[0.947s] copying launch/spawn_car.launch.py -> /home/imad/ros2_ws/src/my_car_description/install/my_car_description/share/my_car_description/launch
[0.947s] running install_egg_info
[0.949s] removing '/home/imad/ros2_ws/src/my_car_description/install/my_car_description/lib/python3.10/site-packages/my_car_description-0.0.0-py3.10.egg-info' (and everything under it)
[0.950s] Copying build/my_car_description/my_car_description.egg-info to /home/imad/ros2_ws/src/my_car_description/install/my_car_description/lib/python3.10/site-packages/my_car_description-0.0.0-py3.10.egg-info
[0.952s] running install_scripts
[0.977s] writing list of installed files to '/home/imad/ros2_ws/src/my_car_description/build/my_car_description/install.log'
[1.009s] Invoked command in '/home/imad/ros2_ws/src/my_car_description' returned '0': PYTHONPATH=/home/imad/ros2_ws/src/my_car_description/build/my_car_description/prefix_override:/usr/lib/python3/dist-packages/colcon_core/task/python/colcon_distutils_commands:/home/imad/ros2_ws/src/my_car_description/install/my_car_description/lib/python3.10/site-packages:${PYTHONPATH} /usr/bin/python3 -W ignore:setup.py install is deprecated -W ignore:easy_install command is deprecated setup.py egg_info --egg-base build/my_car_description build --build-base /home/imad/ros2_ws/src/my_car_description/build/my_car_description/build install --record /home/imad/ros2_ws/src/my_car_description/build/my_car_description/install.log --single-version-externally-managed install_data
