[1.078s] Invoking command in '/home/imad/ros2_ws/src/build/emergency_brake': PYTHONPATH=/home/imad/ros2_ws/src/build/emergency_brake/prefix_override:/usr/lib/python3/dist-packages/colcon_core/task/python/colcon_distutils_commands:/home/imad/ros2_ws/src/install/emergency_brake/lib/python3.10/site-packages:${PYTHONPATH} /usr/bin/python3 -W ignore:setup.py install is deprecated -W ignore:easy_install command is deprecated setup.py develop --uninstall --editable --build-directory /home/imad/ros2_ws/src/build/emergency_brake/build
[1.332s] running develop
[1.470s] Removing /home/imad/ros2_ws/src/install/emergency_brake/lib/python3.10/site-packages/emergency-brake.egg-link (link to .)
[1.497s] Invoked command in '/home/imad/ros2_ws/src/build/emergency_brake' returned '0': PYTHONPATH=/home/imad/ros2_ws/src/build/emergency_brake/prefix_override:/usr/lib/python3/dist-packages/colcon_core/task/python/colcon_distutils_commands:/home/imad/ros2_ws/src/install/emergency_brake/lib/python3.10/site-packages:${PYTHONPATH} /usr/bin/python3 -W ignore:setup.py install is deprecated -W ignore:easy_install command is deprecated setup.py develop --uninstall --editable --build-directory /home/imad/ros2_ws/src/build/emergency_brake/build
[1.500s] Invoking command in '/home/imad/ros2_ws/src/emergency_brake': PYTHONPATH=/home/imad/ros2_ws/src/build/emergency_brake/prefix_override:/usr/lib/python3/dist-packages/colcon_core/task/python/colcon_distutils_commands:/home/imad/ros2_ws/src/install/emergency_brake/lib/python3.10/site-packages:${PYTHONPATH} /usr/bin/python3 -W ignore:setup.py install is deprecated -W ignore:easy_install command is deprecated setup.py egg_info --egg-base ../build/emergency_brake build --build-base /home/imad/ros2_ws/src/build/emergency_brake/build install --record /home/imad/ros2_ws/src/build/emergency_brake/install.log --single-version-externally-managed install_data --force
[1.742s] running egg_info
[1.743s] writing ../build/emergency_brake/emergency_brake.egg-info/PKG-INFO
[1.744s] writing dependency_links to ../build/emergency_brake/emergency_brake.egg-info/dependency_links.txt
[1.744s] writing entry points to ../build/emergency_brake/emergency_brake.egg-info/entry_points.txt
[1.746s] writing requirements to ../build/emergency_brake/emergency_brake.egg-info/requires.txt
[1.746s] writing top-level names to ../build/emergency_brake/emergency_brake.egg-info/top_level.txt
[1.748s] reading manifest file '../build/emergency_brake/emergency_brake.egg-info/SOURCES.txt'
[1.749s] writing manifest file '../build/emergency_brake/emergency_brake.egg-info/SOURCES.txt'
[1.750s] running build
[1.750s] running build_py
[1.750s] creating /home/imad/ros2_ws/src/build/emergency_brake/build
[1.751s] creating /home/imad/ros2_ws/src/build/emergency_brake/build/lib
[1.751s] creating /home/imad/ros2_ws/src/build/emergency_brake/build/lib/emergency_brake
[1.751s] copying emergency_brake/emergency_stop.py -> /home/imad/ros2_ws/src/build/emergency_brake/build/lib/emergency_brake
[1.751s] copying emergency_brake/__init__.py -> /home/imad/ros2_ws/src/build/emergency_brake/build/lib/emergency_brake
[1.751s] running install
[1.752s] running install_lib
[1.753s] creating /home/imad/ros2_ws/src/install/emergency_brake/lib/python3.10/site-packages/emergency_brake
[1.753s] copying /home/imad/ros2_ws/src/build/emergency_brake/build/lib/emergency_brake/emergency_stop.py -> /home/imad/ros2_ws/src/install/emergency_brake/lib/python3.10/site-packages/emergency_brake
[1.753s] copying /home/imad/ros2_ws/src/build/emergency_brake/build/lib/emergency_brake/__init__.py -> /home/imad/ros2_ws/src/install/emergency_brake/lib/python3.10/site-packages/emergency_brake
[1.754s] byte-compiling /home/imad/ros2_ws/src/install/emergency_brake/lib/python3.10/site-packages/emergency_brake/emergency_stop.py to emergency_stop.cpython-310.pyc
[1.754s] byte-compiling /home/imad/ros2_ws/src/install/emergency_brake/lib/python3.10/site-packages/emergency_brake/__init__.py to __init__.cpython-310.pyc
[1.755s] running install_data
[1.755s] copying resource/emergency_brake -> /home/imad/ros2_ws/src/install/emergency_brake/share/ament_index/resource_index/packages
[1.757s] copying package.xml -> /home/imad/ros2_ws/src/install/emergency_brake/share/emergency_brake
[1.757s] running install_egg_info
[1.759s] Copying ../build/emergency_brake/emergency_brake.egg-info to /home/imad/ros2_ws/src/install/emergency_brake/lib/python3.10/site-packages/emergency_brake-0.0.0-py3.10.egg-info
[1.760s] running install_scripts
[1.780s] Installing emergency_stop script to /home/imad/ros2_ws/src/install/emergency_brake/lib/emergency_brake
[1.781s] writing list of installed files to '/home/imad/ros2_ws/src/build/emergency_brake/install.log'
[1.805s] Invoked command in '/home/imad/ros2_ws/src/emergency_brake' returned '0': PYTHONPATH=/home/imad/ros2_ws/src/build/emergency_brake/prefix_override:/usr/lib/python3/dist-packages/colcon_core/task/python/colcon_distutils_commands:/home/imad/ros2_ws/src/install/emergency_brake/lib/python3.10/site-packages:${PYTHONPATH} /usr/bin/python3 -W ignore:setup.py install is deprecated -W ignore:easy_install command is deprecated setup.py egg_info --egg-base ../build/emergency_brake build --build-base /home/imad/ros2_ws/src/build/emergency_brake/build install --record /home/imad/ros2_ws/src/build/emergency_brake/install.log --single-version-externally-managed install_data --force
