[2.139s] Invoking command in '/home/imad/ros2_ws/src/RTS': PYTHONPATH=/home/imad/ros2_ws/src/build/sonar_sensor/prefix_override:/usr/lib/python3/dist-packages/colcon_core/task/python/colcon_distutils_commands:/home/imad/ros2_ws/src/install/sonar_sensor/lib/python3.10/site-packages:${PYTHONPATH} /usr/bin/python3 -W ignore:setup.py install is deprecated -W ignore:easy_install command is deprecated setup.py egg_info --egg-base ../build/sonar_sensor build --build-base /home/imad/ros2_ws/src/build/sonar_sensor/build install --record /home/imad/ros2_ws/src/build/sonar_sensor/install.log --single-version-externally-managed install_data
[2.410s] running egg_info
[2.411s] writing ../build/sonar_sensor/sonar_sensor.egg-info/PKG-INFO
[2.412s] writing dependency_links to ../build/sonar_sensor/sonar_sensor.egg-info/dependency_links.txt
[2.412s] writing entry points to ../build/sonar_sensor/sonar_sensor.egg-info/entry_points.txt
[2.412s] writing requirements to ../build/sonar_sensor/sonar_sensor.egg-info/requires.txt
[2.412s] writing top-level names to ../build/sonar_sensor/sonar_sensor.egg-info/top_level.txt
[2.414s] reading manifest file '../build/sonar_sensor/sonar_sensor.egg-info/SOURCES.txt'
[2.417s] writing manifest file '../build/sonar_sensor/sonar_sensor.egg-info/SOURCES.txt'
[2.417s] running build
[2.418s] running build_py
[2.418s] running install
[2.418s] running install_lib
[2.419s] running install_data
[2.419s] running install_egg_info
[2.421s] removing '/home/imad/ros2_ws/src/install/sonar_sensor/lib/python3.10/site-packages/sonar_sensor-0.0.0-py3.10.egg-info' (and everything under it)
[2.422s] Copying ../build/sonar_sensor/sonar_sensor.egg-info to /home/imad/ros2_ws/src/install/sonar_sensor/lib/python3.10/site-packages/sonar_sensor-0.0.0-py3.10.egg-info
[2.424s] running install_scripts
[2.448s] Installing sonar_sensor_node script to /home/imad/ros2_ws/src/install/sonar_sensor/lib/sonar_sensor
[2.450s] writing list of installed files to '/home/imad/ros2_ws/src/build/sonar_sensor/install.log'
[2.487s] Invoked command in '/home/imad/ros2_ws/src/RTS' returned '0': PYTHONPATH=/home/imad/ros2_ws/src/build/sonar_sensor/prefix_override:/usr/lib/python3/dist-packages/colcon_core/task/python/colcon_distutils_commands:/home/imad/ros2_ws/src/install/sonar_sensor/lib/python3.10/site-packages:${PYTHONPATH} /usr/bin/python3 -W ignore:setup.py install is deprecated -W ignore:easy_install command is deprecated setup.py egg_info --egg-base ../build/sonar_sensor build --build-base /home/imad/ros2_ws/src/build/sonar_sensor/build install --record /home/imad/ros2_ws/src/build/sonar_sensor/install.log --single-version-externally-managed install_data
