[1.355s] Invoking command in '/home/imad/ros2_ws/src/RTS': PYTHONPATH=/home/imad/ros2_ws/src/build/sonar_sensor/prefix_override:/usr/lib/python3/dist-packages/colcon_core/task/python/colcon_distutils_commands:/home/imad/ros2_ws/src/install/sonar_sensor/lib/python3.10/site-packages:${PYTHONPATH} /usr/bin/python3 -W ignore:setup.py install is deprecated -W ignore:easy_install command is deprecated setup.py egg_info --egg-base ../build/sonar_sensor build --build-base /home/imad/ros2_ws/src/build/sonar_sensor/build install --record /home/imad/ros2_ws/src/build/sonar_sensor/install.log --single-version-externally-managed install_data
[1.615s] running egg_info
[1.616s] creating ../build/sonar_sensor/sonar_sensor.egg-info
[1.619s] writing ../build/sonar_sensor/sonar_sensor.egg-info/PKG-INFO
[1.619s] writing dependency_links to ../build/sonar_sensor/sonar_sensor.egg-info/dependency_links.txt
[1.621s] writing entry points to ../build/sonar_sensor/sonar_sensor.egg-info/entry_points.txt
[1.621s] writing requirements to ../build/sonar_sensor/sonar_sensor.egg-info/requires.txt
[1.621s] writing top-level names to ../build/sonar_sensor/sonar_sensor.egg-info/top_level.txt
[1.622s] writing manifest file '../build/sonar_sensor/sonar_sensor.egg-info/SOURCES.txt'
[1.622s] reading manifest file '../build/sonar_sensor/sonar_sensor.egg-info/SOURCES.txt'
[1.623s] writing manifest file '../build/sonar_sensor/sonar_sensor.egg-info/SOURCES.txt'
[1.623s] running build
[1.623s] running build_py
[1.625s] creating /home/imad/ros2_ws/src/build/sonar_sensor/build
[1.625s] creating /home/imad/ros2_ws/src/build/sonar_sensor/build/lib
[1.625s] creating /home/imad/ros2_ws/src/build/sonar_sensor/build/lib/sonar_sensor
[1.626s] copying sonar_sensor/__init__.py -> /home/imad/ros2_ws/src/build/sonar_sensor/build/lib/sonar_sensor
[1.626s] copying sonar_sensor/sonar_sensor_node.py -> /home/imad/ros2_ws/src/build/sonar_sensor/build/lib/sonar_sensor
[1.627s] running install
[1.628s] running install_lib
[1.629s] creating /home/imad/ros2_ws/src/install/sonar_sensor/lib/python3.10/site-packages/sonar_sensor
[1.629s] copying /home/imad/ros2_ws/src/build/sonar_sensor/build/lib/sonar_sensor/__init__.py -> /home/imad/ros2_ws/src/install/sonar_sensor/lib/python3.10/site-packages/sonar_sensor
[1.629s] copying /home/imad/ros2_ws/src/build/sonar_sensor/build/lib/sonar_sensor/sonar_sensor_node.py -> /home/imad/ros2_ws/src/install/sonar_sensor/lib/python3.10/site-packages/sonar_sensor
[1.630s] byte-compiling /home/imad/ros2_ws/src/install/sonar_sensor/lib/python3.10/site-packages/sonar_sensor/__init__.py to __init__.cpython-310.pyc
[1.631s] byte-compiling /home/imad/ros2_ws/src/install/sonar_sensor/lib/python3.10/site-packages/sonar_sensor/sonar_sensor_node.py to sonar_sensor_node.cpython-310.pyc
[1.631s] running install_data
[1.632s] creating /home/imad/ros2_ws/src/install/sonar_sensor/share/ament_index
[1.632s] creating /home/imad/ros2_ws/src/install/sonar_sensor/share/ament_index/resource_index
[1.632s] creating /home/imad/ros2_ws/src/install/sonar_sensor/share/ament_index/resource_index/packages
[1.632s] copying resource/sonar_sensor -> /home/imad/ros2_ws/src/install/sonar_sensor/share/ament_index/resource_index/packages
[1.633s] copying package.xml -> /home/imad/ros2_ws/src/install/sonar_sensor/share/sonar_sensor
[1.633s] running install_egg_info
[1.634s] Copying ../build/sonar_sensor/sonar_sensor.egg-info to /home/imad/ros2_ws/src/install/sonar_sensor/lib/python3.10/site-packages/sonar_sensor-0.0.0-py3.10.egg-info
[1.635s] running install_scripts
[1.657s] Installing sonar_sensor_node script to /home/imad/ros2_ws/src/install/sonar_sensor/lib/sonar_sensor
[1.658s] writing list of installed files to '/home/imad/ros2_ws/src/build/sonar_sensor/install.log'
[1.687s] Invoked command in '/home/imad/ros2_ws/src/RTS' returned '0': PYTHONPATH=/home/imad/ros2_ws/src/build/sonar_sensor/prefix_override:/usr/lib/python3/dist-packages/colcon_core/task/python/colcon_distutils_commands:/home/imad/ros2_ws/src/install/sonar_sensor/lib/python3.10/site-packages:${PYTHONPATH} /usr/bin/python3 -W ignore:setup.py install is deprecated -W ignore:easy_install command is deprecated setup.py egg_info --egg-base ../build/sonar_sensor build --build-base /home/imad/ros2_ws/src/build/sonar_sensor/build install --record /home/imad/ros2_ws/src/build/sonar_sensor/install.log --single-version-externally-managed install_data
