[0.749s] Invoking command in '/home/imad/ros2_ws/src/my_car_description': PYTHONPATH=/home/imad/ros2_ws/src/my_car_description/build/my_car_description/prefix_override:/usr/lib/python3/dist-packages/colcon_core/task/python/colcon_distutils_commands:/home/imad/ros2_ws/src/my_car_description/install/my_car_description/lib/python3.10/site-packages:${PYTHONPATH} /usr/bin/python3 -W ignore:setup.py install is deprecated -W ignore:easy_install command is deprecated setup.py egg_info --egg-base build/my_car_description build --build-base /home/imad/ros2_ws/src/my_car_description/build/my_car_description/build install --record /home/imad/ros2_ws/src/my_car_description/build/my_car_description/install.log --single-version-externally-managed install_data
[1.002s] running egg_info
[1.004s] writing build/my_car_description/my_car_description.egg-info/PKG-INFO
[1.005s] writing dependency_links to build/my_car_description/my_car_description.egg-info/dependency_links.txt
[1.005s] writing entry points to build/my_car_description/my_car_description.egg-info/entry_points.txt
[1.005s] writing requirements to build/my_car_description/my_car_description.egg-info/requires.txt
[1.005s] writing top-level names to build/my_car_description/my_car_description.egg-info/top_level.txt
[1.007s] reading manifest file 'build/my_car_description/my_car_description.egg-info/SOURCES.txt'
[1.008s] writing manifest file 'build/my_car_description/my_car_description.egg-info/SOURCES.txt'
[1.008s] running build
[1.008s] running build_py
[1.008s] running install
[1.008s] running install_lib
[1.009s] running install_data
[1.010s] copying urdf/car.urdf -> /home/imad/ros2_ws/src/my_car_description/install/my_car_description/share/my_car_description/urdf
[1.011s] creating /home/imad/ros2_ws/src/my_car_description/install/my_car_description/share/my_car_description/launch
[1.011s] copying launch/car.launch.py -> /home/imad/ros2_ws/src/my_car_description/install/my_car_description/share/my_car_description/launch
[1.011s] running install_egg_info
[1.014s] Copying build/my_car_description/my_car_description.egg-info to /home/imad/ros2_ws/src/my_car_description/install/my_car_description/lib/python3.10/site-packages/my_car_description-0.0.0-py3.10.egg-info
[1.018s] running install_scripts
[1.040s] writing list of installed files to '/home/imad/ros2_ws/src/my_car_description/build/my_car_description/install.log'
[1.073s] Invoked command in '/home/imad/ros2_ws/src/my_car_description' returned '0': PYTHONPATH=/home/imad/ros2_ws/src/my_car_description/build/my_car_description/prefix_override:/usr/lib/python3/dist-packages/colcon_core/task/python/colcon_distutils_commands:/home/imad/ros2_ws/src/my_car_description/install/my_car_description/lib/python3.10/site-packages:${PYTHONPATH} /usr/bin/python3 -W ignore:setup.py install is deprecated -W ignore:easy_install command is deprecated setup.py egg_info --egg-base build/my_car_description build --build-base /home/imad/ros2_ws/src/my_car_description/build/my_car_description/build install --record /home/imad/ros2_ws/src/my_car_description/build/my_car_description/install.log --single-version-externally-managed install_data
