[3.404s] Invoking command in '/home/imad/ros2_ws/src/RTS': PYTHONPATH=/home/imad/ros2_ws/src/build/sonar_sensor/prefix_override:/usr/lib/python3/dist-packages/colcon_core/task/python/colcon_distutils_commands:/home/imad/ros2_ws/src/install/sonar_sensor/lib/python3.10/site-packages:${PYTHONPATH} /usr/bin/python3 -W ignore:setup.py install is deprecated -W ignore:easy_install command is deprecated setup.py egg_info --egg-base ../build/sonar_sensor build --build-base /home/imad/ros2_ws/src/build/sonar_sensor/build install --record /home/imad/ros2_ws/src/build/sonar_sensor/install.log --single-version-externally-managed install_data
[4.046s] running egg_info
[4.048s] writing ../build/sonar_sensor/sonar_sensor.egg-info/PKG-INFO
[4.050s] writing dependency_links to ../build/sonar_sensor/sonar_sensor.egg-info/dependency_links.txt
[4.053s] writing entry points to ../build/sonar_sensor/sonar_sensor.egg-info/entry_points.txt
[4.053s] writing requirements to ../build/sonar_sensor/sonar_sensor.egg-info/requires.txt
[4.054s] writing top-level names to ../build/sonar_sensor/sonar_sensor.egg-info/top_level.txt
[4.059s] reading manifest file '../build/sonar_sensor/sonar_sensor.egg-info/SOURCES.txt'
[4.060s] writing manifest file '../build/sonar_sensor/sonar_sensor.egg-info/SOURCES.txt'
[4.062s] running build
[4.063s] running build_py
[4.064s] running install
[4.066s] running install_lib
[4.070s] running install_data
[4.071s] running install_egg_info
[4.077s] removing '/home/imad/ros2_ws/src/install/sonar_sensor/lib/python3.10/site-packages/sonar_sensor-0.0.0-py3.10.egg-info' (and everything under it)
[4.078s] Copying ../build/sonar_sensor/sonar_sensor.egg-info to /home/imad/ros2_ws/src/install/sonar_sensor/lib/python3.10/site-packages/sonar_sensor-0.0.0-py3.10.egg-info
[4.085s] running install_scripts
[4.165s] Installing sonar_sensor_node script to /home/imad/ros2_ws/src/install/sonar_sensor/lib/sonar_sensor
[4.166s] writing list of installed files to '/home/imad/ros2_ws/src/build/sonar_sensor/install.log'
[4.325s] Invoked command in '/home/imad/ros2_ws/src/RTS' returned '0': PYTHONPATH=/home/imad/ros2_ws/src/build/sonar_sensor/prefix_override:/usr/lib/python3/dist-packages/colcon_core/task/python/colcon_distutils_commands:/home/imad/ros2_ws/src/install/sonar_sensor/lib/python3.10/site-packages:${PYTHONPATH} /usr/bin/python3 -W ignore:setup.py install is deprecated -W ignore:easy_install command is deprecated setup.py egg_info --egg-base ../build/sonar_sensor build --build-base /home/imad/ros2_ws/src/build/sonar_sensor/build install --record /home/imad/ros2_ws/src/build/sonar_sensor/install.log --single-version-externally-managed install_data
