[1.436s] Invoking command in '/home/imad/ros2_ws/src/RTS': PYTHONPATH=/home/imad/ros2_ws/src/build/sonar_sensor/prefix_override:/usr/lib/python3/dist-packages/colcon_core/task/python/colcon_distutils_commands:/home/imad/ros2_ws/src/install/sonar_sensor/lib/python3.10/site-packages:${PYTHONPATH} /usr/bin/python3 -W ignore:setup.py install is deprecated -W ignore:easy_install command is deprecated setup.py egg_info --egg-base ../build/sonar_sensor build --build-base /home/imad/ros2_ws/src/build/sonar_sensor/build install --record /home/imad/ros2_ws/src/build/sonar_sensor/install.log --single-version-externally-managed install_data
[1.711s] running egg_info
[1.713s] writing ../build/sonar_sensor/sonar_sensor.egg-info/PKG-INFO
[1.713s] writing dependency_links to ../build/sonar_sensor/sonar_sensor.egg-info/dependency_links.txt
[1.713s] writing entry points to ../build/sonar_sensor/sonar_sensor.egg-info/entry_points.txt
[1.714s] writing requirements to ../build/sonar_sensor/sonar_sensor.egg-info/requires.txt
[1.714s] writing top-level names to ../build/sonar_sensor/sonar_sensor.egg-info/top_level.txt
[1.719s] reading manifest file '../build/sonar_sensor/sonar_sensor.egg-info/SOURCES.txt'
[1.720s] writing manifest file '../build/sonar_sensor/sonar_sensor.egg-info/SOURCES.txt'
[1.721s] running build
[1.721s] running build_py
[1.721s] running install
[1.721s] running install_lib
[1.722s] running install_data
[1.722s] running install_egg_info
[1.723s] removing '/home/imad/ros2_ws/src/install/sonar_sensor/lib/python3.10/site-packages/sonar_sensor-0.0.0-py3.10.egg-info' (and everything under it)
[1.723s] Copying ../build/sonar_sensor/sonar_sensor.egg-info to /home/imad/ros2_ws/src/install/sonar_sensor/lib/python3.10/site-packages/sonar_sensor-0.0.0-py3.10.egg-info
[1.724s] running install_scripts
[1.752s] Installing sonar_sensor_node script to /home/imad/ros2_ws/src/install/sonar_sensor/lib/sonar_sensor
[1.752s] writing list of installed files to '/home/imad/ros2_ws/src/build/sonar_sensor/install.log'
[1.792s] Invoked command in '/home/imad/ros2_ws/src/RTS' returned '0': PYTHONPATH=/home/imad/ros2_ws/src/build/sonar_sensor/prefix_override:/usr/lib/python3/dist-packages/colcon_core/task/python/colcon_distutils_commands:/home/imad/ros2_ws/src/install/sonar_sensor/lib/python3.10/site-packages:${PYTHONPATH} /usr/bin/python3 -W ignore:setup.py install is deprecated -W ignore:easy_install command is deprecated setup.py egg_info --egg-base ../build/sonar_sensor build --build-base /home/imad/ros2_ws/src/build/sonar_sensor/build install --record /home/imad/ros2_ws/src/build/sonar_sensor/install.log --single-version-externally-managed install_data
