[2.215s] Invoking command in '/home/imad/ros2_ws/src/emergency_brake': PYTHONPATH=/home/imad/ros2_ws/src/build/emergency_brake/prefix_override:/usr/lib/python3/dist-packages/colcon_core/task/python/colcon_distutils_commands:/home/imad/ros2_ws/src/install/emergency_brake/lib/python3.10/site-packages:${PYTHONPATH} /usr/bin/python3 -W ignore:setup.py install is deprecated -W ignore:easy_install command is deprecated setup.py egg_info --egg-base ../build/emergency_brake build --build-base /home/imad/ros2_ws/src/build/emergency_brake/build install --record /home/imad/ros2_ws/src/build/emergency_brake/install.log --single-version-externally-managed install_data
[2.490s] running egg_info
[2.491s] writing ../build/emergency_brake/emergency_brake.egg-info/PKG-INFO
[2.491s] writing dependency_links to ../build/emergency_brake/emergency_brake.egg-info/dependency_links.txt
[2.492s] writing entry points to ../build/emergency_brake/emergency_brake.egg-info/entry_points.txt
[2.494s] writing requirements to ../build/emergency_brake/emergency_brake.egg-info/requires.txt
[2.494s] writing top-level names to ../build/emergency_brake/emergency_brake.egg-info/top_level.txt
[2.496s] reading manifest file '../build/emergency_brake/emergency_brake.egg-info/SOURCES.txt'
[2.498s] writing manifest file '../build/emergency_brake/emergency_brake.egg-info/SOURCES.txt'
[2.499s] running build
[2.499s] running build_py
[2.499s] running install
[2.500s] running install_lib
[2.502s] running install_data
[2.502s] running install_egg_info
[2.505s] removing '/home/imad/ros2_ws/src/install/emergency_brake/lib/python3.10/site-packages/emergency_brake-0.0.0-py3.10.egg-info' (and everything under it)
[2.506s] Copying ../build/emergency_brake/emergency_brake.egg-info to /home/imad/ros2_ws/src/install/emergency_brake/lib/python3.10/site-packages/emergency_brake-0.0.0-py3.10.egg-info
[2.508s] running install_scripts
[2.533s] Installing emergency_stop script to /home/imad/ros2_ws/src/install/emergency_brake/lib/emergency_brake
[2.534s] writing list of installed files to '/home/imad/ros2_ws/src/build/emergency_brake/install.log'
[2.577s] Invoked command in '/home/imad/ros2_ws/src/emergency_brake' returned '0': PYTHONPATH=/home/imad/ros2_ws/src/build/emergency_brake/prefix_override:/usr/lib/python3/dist-packages/colcon_core/task/python/colcon_distutils_commands:/home/imad/ros2_ws/src/install/emergency_brake/lib/python3.10/site-packages:${PYTHONPATH} /usr/bin/python3 -W ignore:setup.py install is deprecated -W ignore:easy_install command is deprecated setup.py egg_info --egg-base ../build/emergency_brake build --build-base /home/imad/ros2_ws/src/build/emergency_brake/build install --record /home/imad/ros2_ws/src/build/emergency_brake/install.log --single-version-externally-managed install_data
