[0.393s] DEBUG:colcon:Command line arguments: ['/usr/bin/colcon', 'build']
[0.393s] DEBUG:colcon:Parsed command line arguments: Namespace(log_base=None, log_level=None, verb_name='build', build_base='build', install_base='install', merge_install=False, symlink_install=False, test_result_base=None, continue_on_error=False, executor='parallel', parallel_workers=16, event_handlers=None, ignore_user_meta=False, metas=['./colcon.meta'], base_paths=['.'], packages_ignore=None, packages_ignore_regex=None, paths=None, packages_up_to=None, packages_up_to_regex=None, packages_above=None, packages_above_and_dependencies=None, packages_above_depth=None, packages_select_by_dep=None, packages_skip_by_dep=None, packages_skip_up_to=None, packages_select_build_failed=False, packages_skip_build_finished=False, packages_select_test_failures=False, packages_skip_test_passed=False, packages_select=None, packages_skip=None, packages_select_regex=None, packages_skip_regex=None, packages_start=None, packages_end=None, allow_overriding=[], cmake_args=None, cmake_target=None, cmake_target_skip_unavailable=False, cmake_clean_cache=False, cmake_clean_first=False, cmake_force_configure=False, ament_cmake_args=None, catkin_cmake_args=None, catkin_skip_building_tests=False, verb_parser=<colcon_defaults.argument_parser.defaults.DefaultArgumentsDecorator object at 0x7fb9f6a90280>, verb_extension=<colcon_core.verb.build.BuildVerb object at 0x7fb9f6a5be80>, main=<bound method BuildVerb.main of <colcon_core.verb.build.BuildVerb object at 0x7fb9f6a5be80>>)
[1.047s] Level 1:colcon.colcon_core.package_discovery:discover_packages(colcon_meta) check parameters
[1.047s] Level 1:colcon.colcon_core.package_discovery:discover_packages(recursive) check parameters
[1.047s] Level 1:colcon.colcon_core.package_discovery:discover_packages(ignore) check parameters
[1.047s] Level 1:colcon.colcon_core.package_discovery:discover_packages(path) check parameters
[1.047s] Level 1:colcon.colcon_core.package_discovery:discover_packages(colcon_meta) discover
[1.047s] Level 1:colcon.colcon_core.package_discovery:discover_packages(recursive) discover
[1.047s] INFO:colcon.colcon_core.package_discovery:Crawling recursively for packages in '/home/imad/ros2_ws/src'
[1.047s] Level 1:colcon.colcon_core.package_identification:_identify(.) by extensions ['ignore', 'ignore_ament_install']
[1.047s] Level 1:colcon.colcon_core.package_identification:_identify(.) by extension 'ignore'
[1.047s] Level 1:colcon.colcon_core.package_identification:_identify(.) by extension 'ignore_ament_install'
[1.047s] Level 1:colcon.colcon_core.package_identification:_identify(.) by extensions ['colcon_pkg']
[1.047s] Level 1:colcon.colcon_core.package_identification:_identify(.) by extension 'colcon_pkg'
[1.048s] Level 1:colcon.colcon_core.package_identification:_identify(.) by extensions ['colcon_meta']
[1.048s] Level 1:colcon.colcon_core.package_identification:_identify(.) by extension 'colcon_meta'
[1.048s] Level 1:colcon.colcon_core.package_identification:_identify(.) by extensions ['ros']
[1.048s] Level 1:colcon.colcon_core.package_identification:_identify(.) by extension 'ros'
[1.072s] Level 1:colcon.colcon_core.package_identification:_identify(.) by extensions ['cmake', 'python']
[1.072s] Level 1:colcon.colcon_core.package_identification:_identify(.) by extension 'cmake'
[1.072s] Level 1:colcon.colcon_core.package_identification:_identify(.) by extension 'python'
[1.072s] Level 1:colcon.colcon_core.package_identification:_identify(.) by extensions ['python_setup_py']
[1.073s] Level 1:colcon.colcon_core.package_identification:_identify(.) by extension 'python_setup_py'
[1.074s] Level 1:colcon.colcon_core.package_identification:_identify(RTS) by extensions ['ignore', 'ignore_ament_install']
[1.075s] Level 1:colcon.colcon_core.package_identification:_identify(RTS) by extension 'ignore'
[1.075s] Level 1:colcon.colcon_core.package_identification:_identify(RTS) by extension 'ignore_ament_install'
[1.075s] Level 1:colcon.colcon_core.package_identification:_identify(RTS) by extensions ['colcon_pkg']
[1.075s] Level 1:colcon.colcon_core.package_identification:_identify(RTS) by extension 'colcon_pkg'
[1.076s] Level 1:colcon.colcon_core.package_identification:_identify(RTS) by extensions ['colcon_meta']
[1.076s] Level 1:colcon.colcon_core.package_identification:_identify(RTS) by extension 'colcon_meta'
[1.076s] Level 1:colcon.colcon_core.package_identification:_identify(RTS) by extensions ['ros']
[1.076s] Level 1:colcon.colcon_core.package_identification:_identify(RTS) by extension 'ros'
[1.083s] DEBUG:colcon.colcon_core.package_identification:Package 'RTS' with type 'ros.ament_python' and name 'sonar_sensor'
[1.085s] Level 1:colcon.colcon_core.package_identification:_identify(build) by extensions ['ignore', 'ignore_ament_install']
[1.085s] Level 1:colcon.colcon_core.package_identification:_identify(build) by extension 'ignore'
[1.085s] Level 1:colcon.colcon_core.package_identification:_identify(build) ignored
[1.086s] Level 1:colcon.colcon_core.package_identification:_identify(emergency_brake) by extensions ['ignore', 'ignore_ament_install']
[1.086s] Level 1:colcon.colcon_core.package_identification:_identify(emergency_brake) by extension 'ignore'
[1.086s] Level 1:colcon.colcon_core.package_identification:_identify(emergency_brake) by extension 'ignore_ament_install'
[1.086s] Level 1:colcon.colcon_core.package_identification:_identify(emergency_brake) by extensions ['colcon_pkg']
[1.087s] Level 1:colcon.colcon_core.package_identification:_identify(emergency_brake) by extension 'colcon_pkg'
[1.087s] Level 1:colcon.colcon_core.package_identification:_identify(emergency_brake) by extensions ['colcon_meta']
[1.087s] Level 1:colcon.colcon_core.package_identification:_identify(emergency_brake) by extension 'colcon_meta'
[1.087s] Level 1:colcon.colcon_core.package_identification:_identify(emergency_brake) by extensions ['ros']
[1.087s] Level 1:colcon.colcon_core.package_identification:_identify(emergency_brake) by extension 'ros'
[1.089s] DEBUG:colcon.colcon_core.package_identification:Package 'emergency_brake' with type 'ros.ament_python' and name 'emergency_brake'
[1.089s] Level 1:colcon.colcon_core.package_identification:_identify(install) by extensions ['ignore', 'ignore_ament_install']
[1.090s] Level 1:colcon.colcon_core.package_identification:_identify(install) by extension 'ignore'
[1.090s] Level 1:colcon.colcon_core.package_identification:_identify(install) ignored
[1.090s] Level 1:colcon.colcon_core.package_identification:_identify(log) by extensions ['ignore', 'ignore_ament_install']
[1.090s] Level 1:colcon.colcon_core.package_identification:_identify(log) by extension 'ignore'
[1.090s] Level 1:colcon.colcon_core.package_identification:_identify(log) ignored
[1.091s] Level 1:colcon.colcon_core.package_identification:_identify(my_car_description) by extensions ['ignore', 'ignore_ament_install']
[1.091s] Level 1:colcon.colcon_core.package_identification:_identify(my_car_description) by extension 'ignore'
[1.091s] Level 1:colcon.colcon_core.package_identification:_identify(my_car_description) by extension 'ignore_ament_install'
[1.091s] Level 1:colcon.colcon_core.package_identification:_identify(my_car_description) by extensions ['colcon_pkg']
[1.091s] Level 1:colcon.colcon_core.package_identification:_identify(my_car_description) by extension 'colcon_pkg'
[1.091s] Level 1:colcon.colcon_core.package_identification:_identify(my_car_description) by extensions ['colcon_meta']
[1.091s] Level 1:colcon.colcon_core.package_identification:_identify(my_car_description) by extension 'colcon_meta'
[1.092s] Level 1:colcon.colcon_core.package_identification:_identify(my_car_description) by extensions ['ros']
[1.092s] Level 1:colcon.colcon_core.package_identification:_identify(my_car_description) by extension 'ros'
[1.094s] DEBUG:colcon.colcon_core.package_identification:Package 'my_car_description' with type 'ros.ament_python' and name 'my_car_description'
[1.094s] Level 1:colcon.colcon_core.package_discovery:discover_packages(recursive) using defaults
[1.094s] Level 1:colcon.colcon_core.package_discovery:discover_packages(ignore) discover
[1.094s] Level 1:colcon.colcon_core.package_discovery:discover_packages(ignore) using defaults
[1.094s] Level 1:colcon.colcon_core.package_discovery:discover_packages(path) discover
[1.094s] Level 1:colcon.colcon_core.package_discovery:discover_packages(path) using defaults
[1.159s] Level 1:colcon.colcon_core.package_discovery:discover_packages(prefix_path) check parameters
[1.159s] Level 1:colcon.colcon_core.package_discovery:discover_packages(prefix_path) discover
[1.179s] DEBUG:colcon.colcon_installed_package_information.package_discovery:Found 3 installed packages in /home/imad/ros2_ws/src/install
[1.185s] DEBUG:colcon.colcon_installed_package_information.package_discovery:Found 325 installed packages in /opt/ros/humble
[1.199s] Level 1:colcon.colcon_core.package_discovery:discover_packages(prefix_path) using defaults
[1.415s] Level 5:colcon.colcon_core.verb:set package 'emergency_brake' build argument 'cmake_args' from command line to 'None'
[1.415s] Level 5:colcon.colcon_core.verb:set package 'emergency_brake' build argument 'cmake_target' from command line to 'None'
[1.415s] Level 5:colcon.colcon_core.verb:set package 'emergency_brake' build argument 'cmake_target_skip_unavailable' from command line to 'False'
[1.415s] Level 5:colcon.colcon_core.verb:set package 'emergency_brake' build argument 'cmake_clean_cache' from command line to 'False'
[1.415s] Level 5:colcon.colcon_core.verb:set package 'emergency_brake' build argument 'cmake_clean_first' from command line to 'False'
[1.415s] Level 5:colcon.colcon_core.verb:set package 'emergency_brake' build argument 'cmake_force_configure' from command line to 'False'
[1.415s] Level 5:colcon.colcon_core.verb:set package 'emergency_brake' build argument 'ament_cmake_args' from command line to 'None'
[1.415s] Level 5:colcon.colcon_core.verb:set package 'emergency_brake' build argument 'catkin_cmake_args' from command line to 'None'
[1.415s] Level 5:colcon.colcon_core.verb:set package 'emergency_brake' build argument 'catkin_skip_building_tests' from command line to 'False'
[1.415s] DEBUG:colcon.colcon_core.verb:Building package 'emergency_brake' with the following arguments: {'ament_cmake_args': None, 'build_base': '/home/imad/ros2_ws/src/build/emergency_brake', 'catkin_cmake_args': None, 'catkin_skip_building_tests': False, 'cmake_args': None, 'cmake_clean_cache': False, 'cmake_clean_first': False, 'cmake_force_configure': False, 'cmake_target': None, 'cmake_target_skip_unavailable': False, 'install_base': '/home/imad/ros2_ws/src/install/emergency_brake', 'merge_install': False, 'path': '/home/imad/ros2_ws/src/emergency_brake', 'symlink_install': False, 'test_result_base': None}
[1.416s] Level 5:colcon.colcon_core.verb:set package 'my_car_description' build argument 'cmake_args' from command line to 'None'
[1.416s] Level 5:colcon.colcon_core.verb:set package 'my_car_description' build argument 'cmake_target' from command line to 'None'
[1.416s] Level 5:colcon.colcon_core.verb:set package 'my_car_description' build argument 'cmake_target_skip_unavailable' from command line to 'False'
[1.416s] Level 5:colcon.colcon_core.verb:set package 'my_car_description' build argument 'cmake_clean_cache' from command line to 'False'
[1.416s] Level 5:colcon.colcon_core.verb:set package 'my_car_description' build argument 'cmake_clean_first' from command line to 'False'
[1.416s] Level 5:colcon.colcon_core.verb:set package 'my_car_description' build argument 'cmake_force_configure' from command line to 'False'
[1.416s] Level 5:colcon.colcon_core.verb:set package 'my_car_description' build argument 'ament_cmake_args' from command line to 'None'
[1.416s] Level 5:colcon.colcon_core.verb:set package 'my_car_description' build argument 'catkin_cmake_args' from command line to 'None'
[1.416s] Level 5:colcon.colcon_core.verb:set package 'my_car_description' build argument 'catkin_skip_building_tests' from command line to 'False'
[1.416s] DEBUG:colcon.colcon_core.verb:Building package 'my_car_description' with the following arguments: {'ament_cmake_args': None, 'build_base': '/home/imad/ros2_ws/src/build/my_car_description', 'catkin_cmake_args': None, 'catkin_skip_building_tests': False, 'cmake_args': None, 'cmake_clean_cache': False, 'cmake_clean_first': False, 'cmake_force_configure': False, 'cmake_target': None, 'cmake_target_skip_unavailable': False, 'install_base': '/home/imad/ros2_ws/src/install/my_car_description', 'merge_install': False, 'path': '/home/imad/ros2_ws/src/my_car_description', 'symlink_install': False, 'test_result_base': None}
[1.417s] Level 5:colcon.colcon_core.verb:set package 'sonar_sensor' build argument 'cmake_args' from command line to 'None'
[1.417s] Level 5:colcon.colcon_core.verb:set package 'sonar_sensor' build argument 'cmake_target' from command line to 'None'
[1.417s] Level 5:colcon.colcon_core.verb:set package 'sonar_sensor' build argument 'cmake_target_skip_unavailable' from command line to 'False'
[1.417s] Level 5:colcon.colcon_core.verb:set package 'sonar_sensor' build argument 'cmake_clean_cache' from command line to 'False'
[1.417s] Level 5:colcon.colcon_core.verb:set package 'sonar_sensor' build argument 'cmake_clean_first' from command line to 'False'
[1.417s] Level 5:colcon.colcon_core.verb:set package 'sonar_sensor' build argument 'cmake_force_configure' from command line to 'False'
[1.417s] Level 5:colcon.colcon_core.verb:set package 'sonar_sensor' build argument 'ament_cmake_args' from command line to 'None'
[1.417s] Level 5:colcon.colcon_core.verb:set package 'sonar_sensor' build argument 'catkin_cmake_args' from command line to 'None'
[1.417s] Level 5:colcon.colcon_core.verb:set package 'sonar_sensor' build argument 'catkin_skip_building_tests' from command line to 'False'
[1.417s] DEBUG:colcon.colcon_core.verb:Building package 'sonar_sensor' with the following arguments: {'ament_cmake_args': None, 'build_base': '/home/imad/ros2_ws/src/build/sonar_sensor', 'catkin_cmake_args': None, 'catkin_skip_building_tests': False, 'cmake_args': None, 'cmake_clean_cache': False, 'cmake_clean_first': False, 'cmake_force_configure': False, 'cmake_target': None, 'cmake_target_skip_unavailable': False, 'install_base': '/home/imad/ros2_ws/src/install/sonar_sensor', 'merge_install': False, 'path': '/home/imad/ros2_ws/src/RTS', 'symlink_install': False, 'test_result_base': None}
[1.417s] INFO:colcon.colcon_core.executor:Executing jobs using 'parallel' executor
[1.419s] DEBUG:colcon.colcon_parallel_executor.executor.parallel:run_until_complete
[1.420s] INFO:colcon.colcon_ros.task.ament_python.build:Building ROS package in '/home/imad/ros2_ws/src/emergency_brake' with build type 'ament_python'
[1.420s] Level 1:colcon.colcon_core.shell:create_environment_hook('emergency_brake', 'ament_prefix_path')
[1.429s] INFO:colcon.colcon_core.plugin_system:Skipping extension 'colcon_core.shell.bat': Not used on non-Windows systems
[1.430s] INFO:colcon.colcon_core.shell:Creating environment hook '/home/imad/ros2_ws/src/install/emergency_brake/share/emergency_brake/hook/ament_prefix_path.ps1'
[1.432s] INFO:colcon.colcon_core.shell:Creating environment descriptor '/home/imad/ros2_ws/src/install/emergency_brake/share/emergency_brake/hook/ament_prefix_path.dsv'
[1.434s] INFO:colcon.colcon_core.shell:Creating environment hook '/home/imad/ros2_ws/src/install/emergency_brake/share/emergency_brake/hook/ament_prefix_path.sh'
[1.435s] INFO:colcon.colcon_core.shell:Skip shell extension 'powershell' for command environment: Not usable outside of PowerShell
[1.436s] DEBUG:colcon.colcon_core.shell:Skip shell extension 'dsv' for command environment
[1.440s] INFO:colcon.colcon_ros.task.ament_python.build:Building ROS package in '/home/imad/ros2_ws/src/my_car_description' with build type 'ament_python'
[1.440s] Level 1:colcon.colcon_core.shell:create_environment_hook('my_car_description', 'ament_prefix_path')
[1.441s] INFO:colcon.colcon_core.shell:Creating environment hook '/home/imad/ros2_ws/src/install/my_car_description/share/my_car_description/hook/ament_prefix_path.ps1'
[1.444s] INFO:colcon.colcon_core.shell:Creating environment descriptor '/home/imad/ros2_ws/src/install/my_car_description/share/my_car_description/hook/ament_prefix_path.dsv'
[1.445s] INFO:colcon.colcon_core.shell:Creating environment hook '/home/imad/ros2_ws/src/install/my_car_description/share/my_car_description/hook/ament_prefix_path.sh'
[1.445s] INFO:colcon.colcon_core.shell:Skip shell extension 'powershell' for command environment: Not usable outside of PowerShell
[1.446s] DEBUG:colcon.colcon_core.shell:Skip shell extension 'dsv' for command environment
[1.448s] INFO:colcon.colcon_ros.task.ament_python.build:Building ROS package in '/home/imad/ros2_ws/src/RTS' with build type 'ament_python'
[1.449s] Level 1:colcon.colcon_core.shell:create_environment_hook('sonar_sensor', 'ament_prefix_path')
[1.449s] INFO:colcon.colcon_core.shell:Creating environment hook '/home/imad/ros2_ws/src/install/sonar_sensor/share/sonar_sensor/hook/ament_prefix_path.ps1'
[1.451s] INFO:colcon.colcon_core.shell:Creating environment descriptor '/home/imad/ros2_ws/src/install/sonar_sensor/share/sonar_sensor/hook/ament_prefix_path.dsv'
[1.452s] INFO:colcon.colcon_core.shell:Creating environment hook '/home/imad/ros2_ws/src/install/sonar_sensor/share/sonar_sensor/hook/ament_prefix_path.sh'
[1.452s] INFO:colcon.colcon_core.shell:Skip shell extension 'powershell' for command environment: Not usable outside of PowerShell
[1.452s] DEBUG:colcon.colcon_core.shell:Skip shell extension 'dsv' for command environment
[1.768s] INFO:colcon.colcon_core.task.python.build:Building Python package in '/home/imad/ros2_ws/src/emergency_brake'
[1.769s] INFO:colcon.colcon_core.shell:Skip shell extension 'powershell' for command environment: Not usable outside of PowerShell
[1.769s] DEBUG:colcon.colcon_core.shell:Skip shell extension 'dsv' for command environment
[2.048s] INFO:colcon.colcon_core.task.python.build:Building Python package in '/home/imad/ros2_ws/src/my_car_description'
[2.049s] INFO:colcon.colcon_core.shell:Skip shell extension 'powershell' for command environment: Not usable outside of PowerShell
[2.049s] DEBUG:colcon.colcon_core.shell:Skip shell extension 'dsv' for command environment
[2.349s] INFO:colcon.colcon_core.task.python.build:Building Python package in '/home/imad/ros2_ws/src/RTS'
[2.350s] INFO:colcon.colcon_core.shell:Skip shell extension 'powershell' for command environment: Not usable outside of PowerShell
[2.350s] DEBUG:colcon.colcon_core.shell:Skip shell extension 'dsv' for command environment
[2.969s] DEBUG:colcon.colcon_core.event_handler.log_command:Invoking command in '/home/imad/ros2_ws/src/my_car_description': PYTHONPATH=/home/imad/ros2_ws/src/build/my_car_description/prefix_override:/usr/lib/python3/dist-packages/colcon_core/task/python/colcon_distutils_commands:/home/imad/ros2_ws/src/install/my_car_description/lib/python3.10/site-packages:${PYTHONPATH} /usr/bin/python3 -W ignore:setup.py install is deprecated -W ignore:easy_install command is deprecated setup.py egg_info --egg-base ../build/my_car_description build --build-base /home/imad/ros2_ws/src/build/my_car_description/build install --record /home/imad/ros2_ws/src/build/my_car_description/install.log --single-version-externally-managed install_data
[2.981s] DEBUG:colcon.colcon_core.event_handler.log_command:Invoking command in '/home/imad/ros2_ws/src/RTS': PYTHONPATH=/home/imad/ros2_ws/src/build/sonar_sensor/prefix_override:/usr/lib/python3/dist-packages/colcon_core/task/python/colcon_distutils_commands:/home/imad/ros2_ws/src/install/sonar_sensor/lib/python3.10/site-packages:${PYTHONPATH} /usr/bin/python3 -W ignore:setup.py install is deprecated -W ignore:easy_install command is deprecated setup.py egg_info --egg-base ../build/sonar_sensor build --build-base /home/imad/ros2_ws/src/build/sonar_sensor/build install --record /home/imad/ros2_ws/src/build/sonar_sensor/install.log --single-version-externally-managed install_data
[2.982s] DEBUG:colcon.colcon_core.event_handler.log_command:Invoking command in '/home/imad/ros2_ws/src/emergency_brake': PYTHONPATH=/home/imad/ros2_ws/src/build/emergency_brake/prefix_override:/usr/lib/python3/dist-packages/colcon_core/task/python/colcon_distutils_commands:/home/imad/ros2_ws/src/install/emergency_brake/lib/python3.10/site-packages:${PYTHONPATH} /usr/bin/python3 -W ignore:setup.py install is deprecated -W ignore:easy_install command is deprecated setup.py egg_info --egg-base ../build/emergency_brake build --build-base /home/imad/ros2_ws/src/build/emergency_brake/build install --record /home/imad/ros2_ws/src/build/emergency_brake/install.log --single-version-externally-managed install_data
[3.323s] DEBUG:colcon.colcon_core.event_handler.log_command:Invoked command in '/home/imad/ros2_ws/src/my_car_description' returned '0': PYTHONPATH=/home/imad/ros2_ws/src/build/my_car_description/prefix_override:/usr/lib/python3/dist-packages/colcon_core/task/python/colcon_distutils_commands:/home/imad/ros2_ws/src/install/my_car_description/lib/python3.10/site-packages:${PYTHONPATH} /usr/bin/python3 -W ignore:setup.py install is deprecated -W ignore:easy_install command is deprecated setup.py egg_info --egg-base ../build/my_car_description build --build-base /home/imad/ros2_ws/src/build/my_car_description/build install --record /home/imad/ros2_ws/src/build/my_car_description/install.log --single-version-externally-managed install_data
[3.334s] Level 1:colcon.colcon_core.environment:checking '/home/imad/ros2_ws/src/install/my_car_description' for CMake module files
[3.335s] Level 1:colcon.colcon_core.environment:checking '/home/imad/ros2_ws/src/install/my_car_description' for CMake config files
[3.343s] Level 1:colcon.colcon_core.environment:checking '/home/imad/ros2_ws/src/install/my_car_description/lib'
[3.343s] Level 1:colcon.colcon_core.environment:checking '/home/imad/ros2_ws/src/install/my_car_description/bin'
[3.343s] Level 1:colcon.colcon_core.environment:checking '/home/imad/ros2_ws/src/install/my_car_description/lib/pkgconfig/my_car_description.pc'
[3.344s] Level 1:colcon.colcon_core.environment:checking '/home/imad/ros2_ws/src/install/my_car_description/lib/python3.10/site-packages'
[3.344s] Level 1:colcon.colcon_core.shell:create_environment_hook('my_car_description', 'pythonpath')
[3.344s] INFO:colcon.colcon_core.shell:Creating environment hook '/home/imad/ros2_ws/src/install/my_car_description/share/my_car_description/hook/pythonpath.ps1'
[3.345s] INFO:colcon.colcon_core.shell:Creating environment descriptor '/home/imad/ros2_ws/src/install/my_car_description/share/my_car_description/hook/pythonpath.dsv'
[3.346s] INFO:colcon.colcon_core.shell:Creating environment hook '/home/imad/ros2_ws/src/install/my_car_description/share/my_car_description/hook/pythonpath.sh'
[3.347s] Level 1:colcon.colcon_core.environment:checking '/home/imad/ros2_ws/src/install/my_car_description/bin'
[3.347s] Level 1:colcon.colcon_core.environment:create_environment_scripts_only(my_car_description)
[3.347s] INFO:colcon.colcon_core.shell:Creating package script '/home/imad/ros2_ws/src/install/my_car_description/share/my_car_description/package.ps1'
[3.349s] INFO:colcon.colcon_core.shell:Creating package descriptor '/home/imad/ros2_ws/src/install/my_car_description/share/my_car_description/package.dsv'
[3.351s] INFO:colcon.colcon_core.shell:Creating package script '/home/imad/ros2_ws/src/install/my_car_description/share/my_car_description/package.sh'
[3.352s] INFO:colcon.colcon_core.shell:Creating package script '/home/imad/ros2_ws/src/install/my_car_description/share/my_car_description/package.bash'
[3.353s] INFO:colcon.colcon_core.shell:Creating package script '/home/imad/ros2_ws/src/install/my_car_description/share/my_car_description/package.zsh'
[3.354s] Level 1:colcon.colcon_core.environment:create_file_with_runtime_dependencies(/home/imad/ros2_ws/src/install/my_car_description/share/colcon-core/packages/my_car_description)
[3.355s] Level 1:colcon.colcon_core.environment:checking '/home/imad/ros2_ws/src/install/emergency_brake' for CMake module files
[3.357s] DEBUG:colcon.colcon_core.event_handler.log_command:Invoked command in '/home/imad/ros2_ws/src/emergency_brake' returned '0': PYTHONPATH=/home/imad/ros2_ws/src/build/emergency_brake/prefix_override:/usr/lib/python3/dist-packages/colcon_core/task/python/colcon_distutils_commands:/home/imad/ros2_ws/src/install/emergency_brake/lib/python3.10/site-packages:${PYTHONPATH} /usr/bin/python3 -W ignore:setup.py install is deprecated -W ignore:easy_install command is deprecated setup.py egg_info --egg-base ../build/emergency_brake build --build-base /home/imad/ros2_ws/src/build/emergency_brake/build install --record /home/imad/ros2_ws/src/build/emergency_brake/install.log --single-version-externally-managed install_data
[3.358s] Level 1:colcon.colcon_core.environment:checking '/home/imad/ros2_ws/src/install/emergency_brake' for CMake config files
[3.365s] Level 1:colcon.colcon_core.environment:checking '/home/imad/ros2_ws/src/install/emergency_brake/lib'
[3.365s] Level 1:colcon.colcon_core.environment:checking '/home/imad/ros2_ws/src/install/emergency_brake/bin'
[3.365s] Level 1:colcon.colcon_core.environment:checking '/home/imad/ros2_ws/src/install/emergency_brake/lib/pkgconfig/emergency_brake.pc'
[3.366s] Level 1:colcon.colcon_core.environment:checking '/home/imad/ros2_ws/src/install/emergency_brake/lib/python3.10/site-packages'
[3.366s] Level 1:colcon.colcon_core.shell:create_environment_hook('emergency_brake', 'pythonpath')
[3.366s] INFO:colcon.colcon_core.shell:Creating environment hook '/home/imad/ros2_ws/src/install/emergency_brake/share/emergency_brake/hook/pythonpath.ps1'
[3.367s] INFO:colcon.colcon_core.shell:Creating environment descriptor '/home/imad/ros2_ws/src/install/emergency_brake/share/emergency_brake/hook/pythonpath.dsv'
[3.368s] INFO:colcon.colcon_core.shell:Creating environment hook '/home/imad/ros2_ws/src/install/emergency_brake/share/emergency_brake/hook/pythonpath.sh'
[3.369s] Level 1:colcon.colcon_core.environment:checking '/home/imad/ros2_ws/src/install/emergency_brake/bin'
[3.369s] Level 1:colcon.colcon_core.environment:create_environment_scripts_only(emergency_brake)
[3.369s] INFO:colcon.colcon_core.shell:Creating package script '/home/imad/ros2_ws/src/install/emergency_brake/share/emergency_brake/package.ps1'
[3.370s] INFO:colcon.colcon_core.shell:Creating package descriptor '/home/imad/ros2_ws/src/install/emergency_brake/share/emergency_brake/package.dsv'
[3.371s] INFO:colcon.colcon_core.shell:Creating package script '/home/imad/ros2_ws/src/install/emergency_brake/share/emergency_brake/package.sh'
[3.371s] INFO:colcon.colcon_core.shell:Creating package script '/home/imad/ros2_ws/src/install/emergency_brake/share/emergency_brake/package.bash'
[3.372s] INFO:colcon.colcon_core.shell:Creating package script '/home/imad/ros2_ws/src/install/emergency_brake/share/emergency_brake/package.zsh'
[3.373s] Level 1:colcon.colcon_core.environment:create_file_with_runtime_dependencies(/home/imad/ros2_ws/src/install/emergency_brake/share/colcon-core/packages/emergency_brake)
[3.375s] Level 1:colcon.colcon_core.environment:checking '/home/imad/ros2_ws/src/install/sonar_sensor' for CMake module files
[3.376s] DEBUG:colcon.colcon_core.event_handler.log_command:Invoked command in '/home/imad/ros2_ws/src/RTS' returned '0': PYTHONPATH=/home/imad/ros2_ws/src/build/sonar_sensor/prefix_override:/usr/lib/python3/dist-packages/colcon_core/task/python/colcon_distutils_commands:/home/imad/ros2_ws/src/install/sonar_sensor/lib/python3.10/site-packages:${PYTHONPATH} /usr/bin/python3 -W ignore:setup.py install is deprecated -W ignore:easy_install command is deprecated setup.py egg_info --egg-base ../build/sonar_sensor build --build-base /home/imad/ros2_ws/src/build/sonar_sensor/build install --record /home/imad/ros2_ws/src/build/sonar_sensor/install.log --single-version-externally-managed install_data
[3.378s] Level 1:colcon.colcon_core.environment:checking '/home/imad/ros2_ws/src/install/sonar_sensor' for CMake config files
[3.386s] Level 1:colcon.colcon_core.environment:checking '/home/imad/ros2_ws/src/install/sonar_sensor/lib'
[3.386s] Level 1:colcon.colcon_core.environment:checking '/home/imad/ros2_ws/src/install/sonar_sensor/bin'
[3.386s] Level 1:colcon.colcon_core.environment:checking '/home/imad/ros2_ws/src/install/sonar_sensor/lib/pkgconfig/sonar_sensor.pc'
[3.386s] Level 1:colcon.colcon_core.environment:checking '/home/imad/ros2_ws/src/install/sonar_sensor/lib/python3.10/site-packages'
[3.386s] Level 1:colcon.colcon_core.shell:create_environment_hook('sonar_sensor', 'pythonpath')
[3.387s] INFO:colcon.colcon_core.shell:Creating environment hook '/home/imad/ros2_ws/src/install/sonar_sensor/share/sonar_sensor/hook/pythonpath.ps1'
[3.388s] INFO:colcon.colcon_core.shell:Creating environment descriptor '/home/imad/ros2_ws/src/install/sonar_sensor/share/sonar_sensor/hook/pythonpath.dsv'
[3.388s] INFO:colcon.colcon_core.shell:Creating environment hook '/home/imad/ros2_ws/src/install/sonar_sensor/share/sonar_sensor/hook/pythonpath.sh'
[3.389s] Level 1:colcon.colcon_core.environment:checking '/home/imad/ros2_ws/src/install/sonar_sensor/bin'
[3.389s] Level 1:colcon.colcon_core.environment:create_environment_scripts_only(sonar_sensor)
[3.390s] INFO:colcon.colcon_core.shell:Creating package script '/home/imad/ros2_ws/src/install/sonar_sensor/share/sonar_sensor/package.ps1'
[3.390s] INFO:colcon.colcon_core.shell:Creating package descriptor '/home/imad/ros2_ws/src/install/sonar_sensor/share/sonar_sensor/package.dsv'
[3.391s] INFO:colcon.colcon_core.shell:Creating package script '/home/imad/ros2_ws/src/install/sonar_sensor/share/sonar_sensor/package.sh'
[3.391s] INFO:colcon.colcon_core.shell:Creating package script '/home/imad/ros2_ws/src/install/sonar_sensor/share/sonar_sensor/package.bash'
[3.392s] INFO:colcon.colcon_core.shell:Creating package script '/home/imad/ros2_ws/src/install/sonar_sensor/share/sonar_sensor/package.zsh'
[3.392s] Level 1:colcon.colcon_core.environment:create_file_with_runtime_dependencies(/home/imad/ros2_ws/src/install/sonar_sensor/share/colcon-core/packages/sonar_sensor)
[3.393s] DEBUG:colcon.colcon_parallel_executor.executor.parallel:closing loop
[3.393s] DEBUG:colcon.colcon_parallel_executor.executor.parallel:loop closed
[3.393s] DEBUG:colcon.colcon_parallel_executor.executor.parallel:run_until_complete finished with '0'
[3.393s] DEBUG:colcon.colcon_core.event_reactor:joining thread
[3.504s] INFO:colcon.colcon_core.plugin_system:Skipping extension 'colcon_notification.desktop_notification.notify_send': Could not find 'notify-send'
[3.504s] INFO:colcon.colcon_core.plugin_system:Skipping extension 'colcon_notification.desktop_notification.terminal_notifier': Not used on non-Darwin systems
[3.504s] INFO:colcon.colcon_core.plugin_system:Skipping extension 'colcon_notification.desktop_notification.win32': Not used on non-Windows systems
[3.504s] INFO:colcon.colcon_notification.desktop_notification:Sending desktop notification using 'notify2'
[3.504s] DEBUG:colcon.colcon_notification.desktop_notification.notify2:Failed to initialize notify2: org.freedesktop.DBus.Error.FileNotFound: Failed to connect to socket /run/user/1000/bus: No such file or directory
[3.505s] DEBUG:colcon.colcon_core.event_reactor:joined thread
[3.505s] INFO:colcon.colcon_core.shell:Creating prefix script '/home/imad/ros2_ws/src/install/local_setup.ps1'
[3.526s] INFO:colcon.colcon_core.shell:Creating prefix util module '/home/imad/ros2_ws/src/install/_local_setup_util_ps1.py'
[3.530s] INFO:colcon.colcon_core.shell:Creating prefix chain script '/home/imad/ros2_ws/src/install/setup.ps1'
[3.535s] INFO:colcon.colcon_core.shell:Creating prefix script '/home/imad/ros2_ws/src/install/local_setup.sh'
[3.537s] INFO:colcon.colcon_core.shell:Creating prefix util module '/home/imad/ros2_ws/src/install/_local_setup_util_sh.py'
[3.539s] INFO:colcon.colcon_core.shell:Creating prefix chain script '/home/imad/ros2_ws/src/install/setup.sh'
[3.542s] INFO:colcon.colcon_core.shell:Creating prefix script '/home/imad/ros2_ws/src/install/local_setup.bash'
[3.544s] INFO:colcon.colcon_core.shell:Creating prefix chain script '/home/imad/ros2_ws/src/install/setup.bash'
[3.548s] INFO:colcon.colcon_core.shell:Creating prefix script '/home/imad/ros2_ws/src/install/local_setup.zsh'
[3.551s] INFO:colcon.colcon_core.shell:Creating prefix chain script '/home/imad/ros2_ws/src/install/setup.zsh'
