[0.582s] DEBUG:colcon:Command line arguments: ['/usr/bin/colcon', 'build']
[0.582s] DEBUG:colcon:Parsed command line arguments: Namespace(log_base=None, log_level=None, verb_name='build', build_base='build', install_base='install', merge_install=False, symlink_install=False, test_result_base=None, continue_on_error=False, executor='parallel', parallel_workers=16, event_handlers=None, ignore_user_meta=False, metas=['./colcon.meta'], base_paths=['.'], packages_ignore=None, packages_ignore_regex=None, paths=None, packages_up_to=None, packages_up_to_regex=None, packages_above=None, packages_above_and_dependencies=None, packages_above_depth=None, packages_select_by_dep=None, packages_skip_by_dep=None, packages_skip_up_to=None, packages_select_build_failed=False, packages_skip_build_finished=False, packages_select_test_failures=False, packages_skip_test_passed=False, packages_select=None, packages_skip=None, packages_select_regex=None, packages_skip_regex=None, packages_start=None, packages_end=None, allow_overriding=[], cmake_args=None, cmake_target=None, cmake_target_skip_unavailable=False, cmake_clean_cache=False, cmake_clean_first=False, cmake_force_configure=False, ament_cmake_args=None, catkin_cmake_args=None, catkin_skip_building_tests=False, verb_parser=<colcon_defaults.argument_parser.defaults.DefaultArgumentsDecorator object at 0x7f55503b8df0>, verb_extension=<colcon_core.verb.build.BuildVerb object at 0x7f55503b89a0>, main=<bound method BuildVerb.main of <colcon_core.verb.build.BuildVerb object at 0x7f55503b89a0>>)
[1.118s] Level 1:colcon.colcon_core.package_discovery:discover_packages(colcon_meta) check parameters
[1.119s] Level 1:colcon.colcon_core.package_discovery:discover_packages(recursive) check parameters
[1.119s] Level 1:colcon.colcon_core.package_discovery:discover_packages(ignore) check parameters
[1.119s] Level 1:colcon.colcon_core.package_discovery:discover_packages(path) check parameters
[1.119s] Level 1:colcon.colcon_core.package_discovery:discover_packages(colcon_meta) discover
[1.119s] Level 1:colcon.colcon_core.package_discovery:discover_packages(recursive) discover
[1.119s] INFO:colcon.colcon_core.package_discovery:Crawling recursively for packages in '/home/imad/ros2_ws/src'
[1.119s] Level 1:colcon.colcon_core.package_identification:_identify(.) by extensions ['ignore', 'ignore_ament_install']
[1.119s] Level 1:colcon.colcon_core.package_identification:_identify(.) by extension 'ignore'
[1.119s] Level 1:colcon.colcon_core.package_identification:_identify(.) by extension 'ignore_ament_install'
[1.120s] Level 1:colcon.colcon_core.package_identification:_identify(.) by extensions ['colcon_pkg']
[1.120s] Level 1:colcon.colcon_core.package_identification:_identify(.) by extension 'colcon_pkg'
[1.120s] Level 1:colcon.colcon_core.package_identification:_identify(.) by extensions ['colcon_meta']
[1.120s] Level 1:colcon.colcon_core.package_identification:_identify(.) by extension 'colcon_meta'
[1.120s] Level 1:colcon.colcon_core.package_identification:_identify(.) by extensions ['ros']
[1.120s] Level 1:colcon.colcon_core.package_identification:_identify(.) by extension 'ros'
[1.137s] Level 1:colcon.colcon_core.package_identification:_identify(.) by extensions ['cmake', 'python']
[1.137s] Level 1:colcon.colcon_core.package_identification:_identify(.) by extension 'cmake'
[1.137s] Level 1:colcon.colcon_core.package_identification:_identify(.) by extension 'python'
[1.137s] Level 1:colcon.colcon_core.package_identification:_identify(.) by extensions ['python_setup_py']
[1.137s] Level 1:colcon.colcon_core.package_identification:_identify(.) by extension 'python_setup_py'
[1.138s] Level 1:colcon.colcon_core.package_identification:_identify(RTS) by extensions ['ignore', 'ignore_ament_install']
[1.138s] Level 1:colcon.colcon_core.package_identification:_identify(RTS) by extension 'ignore'
[1.138s] Level 1:colcon.colcon_core.package_identification:_identify(RTS) by extension 'ignore_ament_install'
[1.138s] Level 1:colcon.colcon_core.package_identification:_identify(RTS) by extensions ['colcon_pkg']
[1.138s] Level 1:colcon.colcon_core.package_identification:_identify(RTS) by extension 'colcon_pkg'
[1.138s] Level 1:colcon.colcon_core.package_identification:_identify(RTS) by extensions ['colcon_meta']
[1.138s] Level 1:colcon.colcon_core.package_identification:_identify(RTS) by extension 'colcon_meta'
[1.138s] Level 1:colcon.colcon_core.package_identification:_identify(RTS) by extensions ['ros']
[1.138s] Level 1:colcon.colcon_core.package_identification:_identify(RTS) by extension 'ros'
[1.143s] DEBUG:colcon.colcon_core.package_identification:Package 'RTS' with type 'ros.ament_python' and name 'sonar_sensor'
[1.144s] Level 1:colcon.colcon_core.package_identification:_identify(build) by extensions ['ignore', 'ignore_ament_install']
[1.144s] Level 1:colcon.colcon_core.package_identification:_identify(build) by extension 'ignore'
[1.144s] Level 1:colcon.colcon_core.package_identification:_identify(build) ignored
[1.145s] Level 1:colcon.colcon_core.package_identification:_identify(emergency_brake) by extensions ['ignore', 'ignore_ament_install']
[1.145s] Level 1:colcon.colcon_core.package_identification:_identify(emergency_brake) by extension 'ignore'
[1.145s] Level 1:colcon.colcon_core.package_identification:_identify(emergency_brake) by extension 'ignore_ament_install'
[1.145s] Level 1:colcon.colcon_core.package_identification:_identify(emergency_brake) by extensions ['colcon_pkg']
[1.145s] Level 1:colcon.colcon_core.package_identification:_identify(emergency_brake) by extension 'colcon_pkg'
[1.145s] Level 1:colcon.colcon_core.package_identification:_identify(emergency_brake) by extensions ['colcon_meta']
[1.146s] Level 1:colcon.colcon_core.package_identification:_identify(emergency_brake) by extension 'colcon_meta'
[1.146s] Level 1:colcon.colcon_core.package_identification:_identify(emergency_brake) by extensions ['ros']
[1.146s] Level 1:colcon.colcon_core.package_identification:_identify(emergency_brake) by extension 'ros'
[1.147s] DEBUG:colcon.colcon_core.package_identification:Package 'emergency_brake' with type 'ros.ament_python' and name 'emergency_brake'
[1.147s] Level 1:colcon.colcon_core.package_identification:_identify(install) by extensions ['ignore', 'ignore_ament_install']
[1.148s] Level 1:colcon.colcon_core.package_identification:_identify(install) by extension 'ignore'
[1.148s] Level 1:colcon.colcon_core.package_identification:_identify(install) ignored
[1.148s] Level 1:colcon.colcon_core.package_identification:_identify(log) by extensions ['ignore', 'ignore_ament_install']
[1.148s] Level 1:colcon.colcon_core.package_identification:_identify(log) by extension 'ignore'
[1.148s] Level 1:colcon.colcon_core.package_identification:_identify(log) ignored
[1.148s] Level 1:colcon.colcon_core.package_identification:_identify(my_car_description) by extensions ['ignore', 'ignore_ament_install']
[1.148s] Level 1:colcon.colcon_core.package_identification:_identify(my_car_description) by extension 'ignore'
[1.149s] Level 1:colcon.colcon_core.package_identification:_identify(my_car_description) by extension 'ignore_ament_install'
[1.149s] Level 1:colcon.colcon_core.package_identification:_identify(my_car_description) by extensions ['colcon_pkg']
[1.149s] Level 1:colcon.colcon_core.package_identification:_identify(my_car_description) by extension 'colcon_pkg'
[1.149s] Level 1:colcon.colcon_core.package_identification:_identify(my_car_description) by extensions ['colcon_meta']
[1.149s] Level 1:colcon.colcon_core.package_identification:_identify(my_car_description) by extension 'colcon_meta'
[1.149s] Level 1:colcon.colcon_core.package_identification:_identify(my_car_description) by extensions ['ros']
[1.149s] Level 1:colcon.colcon_core.package_identification:_identify(my_car_description) by extension 'ros'
[1.150s] DEBUG:colcon.colcon_core.package_identification:Package 'my_car_description' with type 'ros.ament_python' and name 'my_car_description'
[1.150s] Level 1:colcon.colcon_core.package_discovery:discover_packages(recursive) using defaults
[1.151s] Level 1:colcon.colcon_core.package_discovery:discover_packages(ignore) discover
[1.151s] Level 1:colcon.colcon_core.package_discovery:discover_packages(ignore) using defaults
[1.151s] Level 1:colcon.colcon_core.package_discovery:discover_packages(path) discover
[1.151s] Level 1:colcon.colcon_core.package_discovery:discover_packages(path) using defaults
[1.193s] Level 1:colcon.colcon_core.package_discovery:discover_packages(prefix_path) check parameters
[1.193s] Level 1:colcon.colcon_core.package_discovery:discover_packages(prefix_path) discover
[1.203s] DEBUG:colcon.colcon_installed_package_information.package_discovery:Found 3 installed packages in /home/imad/ros2_ws/src/install
[1.204s] DEBUG:colcon.colcon_installed_package_information.package_discovery:Found 1 installed packages in /home/imad/ros2_ws/src/my_car_description/install
[1.205s] DEBUG:colcon.colcon_installed_package_information.package_discovery:Found 3 installed packages in /home/imad/ros2_ws/install
[1.209s] DEBUG:colcon.colcon_installed_package_information.package_discovery:Found 327 installed packages in /opt/ros/humble
[1.222s] Level 1:colcon.colcon_core.package_discovery:discover_packages(prefix_path) using defaults
[1.407s] Level 5:colcon.colcon_core.verb:set package 'emergency_brake' build argument 'cmake_args' from command line to 'None'
[1.407s] Level 5:colcon.colcon_core.verb:set package 'emergency_brake' build argument 'cmake_target' from command line to 'None'
[1.407s] Level 5:colcon.colcon_core.verb:set package 'emergency_brake' build argument 'cmake_target_skip_unavailable' from command line to 'False'
[1.407s] Level 5:colcon.colcon_core.verb:set package 'emergency_brake' build argument 'cmake_clean_cache' from command line to 'False'
[1.407s] Level 5:colcon.colcon_core.verb:set package 'emergency_brake' build argument 'cmake_clean_first' from command line to 'False'
[1.407s] Level 5:colcon.colcon_core.verb:set package 'emergency_brake' build argument 'cmake_force_configure' from command line to 'False'
[1.407s] Level 5:colcon.colcon_core.verb:set package 'emergency_brake' build argument 'ament_cmake_args' from command line to 'None'
[1.407s] Level 5:colcon.colcon_core.verb:set package 'emergency_brake' build argument 'catkin_cmake_args' from command line to 'None'
[1.407s] Level 5:colcon.colcon_core.verb:set package 'emergency_brake' build argument 'catkin_skip_building_tests' from command line to 'False'
[1.407s] DEBUG:colcon.colcon_core.verb:Building package 'emergency_brake' with the following arguments: {'ament_cmake_args': None, 'build_base': '/home/imad/ros2_ws/src/build/emergency_brake', 'catkin_cmake_args': None, 'catkin_skip_building_tests': False, 'cmake_args': None, 'cmake_clean_cache': False, 'cmake_clean_first': False, 'cmake_force_configure': False, 'cmake_target': None, 'cmake_target_skip_unavailable': False, 'install_base': '/home/imad/ros2_ws/src/install/emergency_brake', 'merge_install': False, 'path': '/home/imad/ros2_ws/src/emergency_brake', 'symlink_install': False, 'test_result_base': None}
[1.407s] Level 5:colcon.colcon_core.verb:set package 'my_car_description' build argument 'cmake_args' from command line to 'None'
[1.407s] Level 5:colcon.colcon_core.verb:set package 'my_car_description' build argument 'cmake_target' from command line to 'None'
[1.407s] Level 5:colcon.colcon_core.verb:set package 'my_car_description' build argument 'cmake_target_skip_unavailable' from command line to 'False'
[1.407s] Level 5:colcon.colcon_core.verb:set package 'my_car_description' build argument 'cmake_clean_cache' from command line to 'False'
[1.408s] Level 5:colcon.colcon_core.verb:set package 'my_car_description' build argument 'cmake_clean_first' from command line to 'False'
[1.408s] Level 5:colcon.colcon_core.verb:set package 'my_car_description' build argument 'cmake_force_configure' from command line to 'False'
[1.408s] Level 5:colcon.colcon_core.verb:set package 'my_car_description' build argument 'ament_cmake_args' from command line to 'None'
[1.408s] Level 5:colcon.colcon_core.verb:set package 'my_car_description' build argument 'catkin_cmake_args' from command line to 'None'
[1.408s] Level 5:colcon.colcon_core.verb:set package 'my_car_description' build argument 'catkin_skip_building_tests' from command line to 'False'
[1.408s] DEBUG:colcon.colcon_core.verb:Building package 'my_car_description' with the following arguments: {'ament_cmake_args': None, 'build_base': '/home/imad/ros2_ws/src/build/my_car_description', 'catkin_cmake_args': None, 'catkin_skip_building_tests': False, 'cmake_args': None, 'cmake_clean_cache': False, 'cmake_clean_first': False, 'cmake_force_configure': False, 'cmake_target': None, 'cmake_target_skip_unavailable': False, 'install_base': '/home/imad/ros2_ws/src/install/my_car_description', 'merge_install': False, 'path': '/home/imad/ros2_ws/src/my_car_description', 'symlink_install': False, 'test_result_base': None}
[1.408s] Level 5:colcon.colcon_core.verb:set package 'sonar_sensor' build argument 'cmake_args' from command line to 'None'
[1.408s] Level 5:colcon.colcon_core.verb:set package 'sonar_sensor' build argument 'cmake_target' from command line to 'None'
[1.408s] Level 5:colcon.colcon_core.verb:set package 'sonar_sensor' build argument 'cmake_target_skip_unavailable' from command line to 'False'
[1.408s] Level 5:colcon.colcon_core.verb:set package 'sonar_sensor' build argument 'cmake_clean_cache' from command line to 'False'
[1.408s] Level 5:colcon.colcon_core.verb:set package 'sonar_sensor' build argument 'cmake_clean_first' from command line to 'False'
[1.408s] Level 5:colcon.colcon_core.verb:set package 'sonar_sensor' build argument 'cmake_force_configure' from command line to 'False'
[1.408s] Level 5:colcon.colcon_core.verb:set package 'sonar_sensor' build argument 'ament_cmake_args' from command line to 'None'
[1.408s] Level 5:colcon.colcon_core.verb:set package 'sonar_sensor' build argument 'catkin_cmake_args' from command line to 'None'
[1.408s] Level 5:colcon.colcon_core.verb:set package 'sonar_sensor' build argument 'catkin_skip_building_tests' from command line to 'False'
[1.408s] DEBUG:colcon.colcon_core.verb:Building package 'sonar_sensor' with the following arguments: {'ament_cmake_args': None, 'build_base': '/home/imad/ros2_ws/src/build/sonar_sensor', 'catkin_cmake_args': None, 'catkin_skip_building_tests': False, 'cmake_args': None, 'cmake_clean_cache': False, 'cmake_clean_first': False, 'cmake_force_configure': False, 'cmake_target': None, 'cmake_target_skip_unavailable': False, 'install_base': '/home/imad/ros2_ws/src/install/sonar_sensor', 'merge_install': False, 'path': '/home/imad/ros2_ws/src/RTS', 'symlink_install': False, 'test_result_base': None}
[1.408s] INFO:colcon.colcon_core.executor:Executing jobs using 'parallel' executor
[1.410s] DEBUG:colcon.colcon_parallel_executor.executor.parallel:run_until_complete
[1.410s] INFO:colcon.colcon_ros.task.ament_python.build:Building ROS package in '/home/imad/ros2_ws/src/emergency_brake' with build type 'ament_python'
[1.411s] Level 1:colcon.colcon_core.shell:create_environment_hook('emergency_brake', 'ament_prefix_path')
[1.424s] INFO:colcon.colcon_core.plugin_system:Skipping extension 'colcon_core.shell.bat': Not used on non-Windows systems
[1.424s] INFO:colcon.colcon_core.shell:Creating environment hook '/home/imad/ros2_ws/src/install/emergency_brake/share/emergency_brake/hook/ament_prefix_path.ps1'
[1.428s] INFO:colcon.colcon_core.shell:Creating environment descriptor '/home/imad/ros2_ws/src/install/emergency_brake/share/emergency_brake/hook/ament_prefix_path.dsv'
[1.430s] INFO:colcon.colcon_core.shell:Creating environment hook '/home/imad/ros2_ws/src/install/emergency_brake/share/emergency_brake/hook/ament_prefix_path.sh'
[1.432s] INFO:colcon.colcon_core.shell:Skip shell extension 'powershell' for command environment: Not usable outside of PowerShell
[1.432s] DEBUG:colcon.colcon_core.shell:Skip shell extension 'dsv' for command environment
[1.438s] INFO:colcon.colcon_ros.task.ament_python.build:Building ROS package in '/home/imad/ros2_ws/src/my_car_description' with build type 'ament_python'
[1.439s] Level 1:colcon.colcon_core.shell:create_environment_hook('my_car_description', 'ament_prefix_path')
[1.440s] INFO:colcon.colcon_core.shell:Creating environment hook '/home/imad/ros2_ws/src/install/my_car_description/share/my_car_description/hook/ament_prefix_path.ps1'
[1.444s] INFO:colcon.colcon_core.shell:Creating environment descriptor '/home/imad/ros2_ws/src/install/my_car_description/share/my_car_description/hook/ament_prefix_path.dsv'
[1.445s] INFO:colcon.colcon_core.shell:Creating environment hook '/home/imad/ros2_ws/src/install/my_car_description/share/my_car_description/hook/ament_prefix_path.sh'
[1.446s] INFO:colcon.colcon_core.shell:Skip shell extension 'powershell' for command environment: Not usable outside of PowerShell
[1.446s] DEBUG:colcon.colcon_core.shell:Skip shell extension 'dsv' for command environment
[1.452s] INFO:colcon.colcon_ros.task.ament_python.build:Building ROS package in '/home/imad/ros2_ws/src/RTS' with build type 'ament_python'
[1.452s] Level 1:colcon.colcon_core.shell:create_environment_hook('sonar_sensor', 'ament_prefix_path')
[1.453s] INFO:colcon.colcon_core.shell:Creating environment hook '/home/imad/ros2_ws/src/install/sonar_sensor/share/sonar_sensor/hook/ament_prefix_path.ps1'
[1.454s] INFO:colcon.colcon_core.shell:Creating environment descriptor '/home/imad/ros2_ws/src/install/sonar_sensor/share/sonar_sensor/hook/ament_prefix_path.dsv'
[1.455s] INFO:colcon.colcon_core.shell:Creating environment hook '/home/imad/ros2_ws/src/install/sonar_sensor/share/sonar_sensor/hook/ament_prefix_path.sh'
[1.456s] INFO:colcon.colcon_core.shell:Skip shell extension 'powershell' for command environment: Not usable outside of PowerShell
[1.456s] DEBUG:colcon.colcon_core.shell:Skip shell extension 'dsv' for command environment
[1.721s] INFO:colcon.colcon_core.task.python.build:Building Python package in '/home/imad/ros2_ws/src/emergency_brake'
[1.721s] INFO:colcon.colcon_core.shell:Skip shell extension 'powershell' for command environment: Not usable outside of PowerShell
[1.721s] DEBUG:colcon.colcon_core.shell:Skip shell extension 'dsv' for command environment
[1.990s] INFO:colcon.colcon_core.task.python.build:Building Python package in '/home/imad/ros2_ws/src/my_car_description'
[1.991s] INFO:colcon.colcon_core.shell:Skip shell extension 'powershell' for command environment: Not usable outside of PowerShell
[1.991s] DEBUG:colcon.colcon_core.shell:Skip shell extension 'dsv' for command environment
[2.262s] INFO:colcon.colcon_core.task.python.build:Building Python package in '/home/imad/ros2_ws/src/RTS'
[2.262s] INFO:colcon.colcon_core.shell:Skip shell extension 'powershell' for command environment: Not usable outside of PowerShell
[2.262s] DEBUG:colcon.colcon_core.shell:Skip shell extension 'dsv' for command environment
[2.989s] DEBUG:colcon.colcon_core.event_handler.log_command:Invoking command in '/home/imad/ros2_ws/src/RTS': PYTHONPATH=/home/imad/ros2_ws/src/build/sonar_sensor/prefix_override:/usr/lib/python3/dist-packages/colcon_core/task/python/colcon_distutils_commands:/home/imad/ros2_ws/src/install/sonar_sensor/lib/python3.10/site-packages:${PYTHONPATH} /usr/bin/python3 -W ignore:setup.py install is deprecated -W ignore:easy_install command is deprecated setup.py egg_info --egg-base ../build/sonar_sensor build --build-base /home/imad/ros2_ws/src/build/sonar_sensor/build install --record /home/imad/ros2_ws/src/build/sonar_sensor/install.log --single-version-externally-managed install_data
[2.997s] DEBUG:colcon.colcon_core.event_handler.log_command:Invoking command in '/home/imad/ros2_ws/src/my_car_description': PYTHONPATH=/home/imad/ros2_ws/src/build/my_car_description/prefix_override:/usr/lib/python3/dist-packages/colcon_core/task/python/colcon_distutils_commands:/home/imad/ros2_ws/src/install/my_car_description/lib/python3.10/site-packages:${PYTHONPATH} /usr/bin/python3 -W ignore:setup.py install is deprecated -W ignore:easy_install command is deprecated setup.py egg_info --egg-base ../build/my_car_description build --build-base /home/imad/ros2_ws/src/build/my_car_description/build install --record /home/imad/ros2_ws/src/build/my_car_description/install.log --single-version-externally-managed install_data
[2.999s] DEBUG:colcon.colcon_core.event_handler.log_command:Invoking command in '/home/imad/ros2_ws/src/emergency_brake': PYTHONPATH=/home/imad/ros2_ws/src/build/emergency_brake/prefix_override:/usr/lib/python3/dist-packages/colcon_core/task/python/colcon_distutils_commands:/home/imad/ros2_ws/src/install/emergency_brake/lib/python3.10/site-packages:${PYTHONPATH} /usr/bin/python3 -W ignore:setup.py install is deprecated -W ignore:easy_install command is deprecated setup.py egg_info --egg-base ../build/emergency_brake build --build-base /home/imad/ros2_ws/src/build/emergency_brake/build install --record /home/imad/ros2_ws/src/build/emergency_brake/install.log --single-version-externally-managed install_data
[3.311s] DEBUG:colcon.colcon_core.event_handler.log_command:Invoked command in '/home/imad/ros2_ws/src/emergency_brake' returned '0': PYTHONPATH=/home/imad/ros2_ws/src/build/emergency_brake/prefix_override:/usr/lib/python3/dist-packages/colcon_core/task/python/colcon_distutils_commands:/home/imad/ros2_ws/src/install/emergency_brake/lib/python3.10/site-packages:${PYTHONPATH} /usr/bin/python3 -W ignore:setup.py install is deprecated -W ignore:easy_install command is deprecated setup.py egg_info --egg-base ../build/emergency_brake build --build-base /home/imad/ros2_ws/src/build/emergency_brake/build install --record /home/imad/ros2_ws/src/build/emergency_brake/install.log --single-version-externally-managed install_data
[3.322s] Level 1:colcon.colcon_core.environment:checking '/home/imad/ros2_ws/src/install/emergency_brake' for CMake module files
[3.323s] Level 1:colcon.colcon_core.environment:checking '/home/imad/ros2_ws/src/install/emergency_brake' for CMake config files
[3.328s] Level 1:colcon.colcon_core.environment:checking '/home/imad/ros2_ws/src/install/emergency_brake/lib'
[3.328s] Level 1:colcon.colcon_core.environment:checking '/home/imad/ros2_ws/src/install/emergency_brake/bin'
[3.328s] Level 1:colcon.colcon_core.environment:checking '/home/imad/ros2_ws/src/install/emergency_brake/lib/pkgconfig/emergency_brake.pc'
[3.328s] Level 1:colcon.colcon_core.environment:checking '/home/imad/ros2_ws/src/install/emergency_brake/lib/python3.10/site-packages'
[3.328s] Level 1:colcon.colcon_core.shell:create_environment_hook('emergency_brake', 'pythonpath')
[3.329s] INFO:colcon.colcon_core.shell:Creating environment hook '/home/imad/ros2_ws/src/install/emergency_brake/share/emergency_brake/hook/pythonpath.ps1'
[3.329s] INFO:colcon.colcon_core.shell:Creating environment descriptor '/home/imad/ros2_ws/src/install/emergency_brake/share/emergency_brake/hook/pythonpath.dsv'
[3.330s] INFO:colcon.colcon_core.shell:Creating environment hook '/home/imad/ros2_ws/src/install/emergency_brake/share/emergency_brake/hook/pythonpath.sh'
[3.331s] Level 1:colcon.colcon_core.environment:checking '/home/imad/ros2_ws/src/install/emergency_brake/bin'
[3.331s] Level 1:colcon.colcon_core.environment:create_environment_scripts_only(emergency_brake)
[3.331s] INFO:colcon.colcon_core.shell:Creating package script '/home/imad/ros2_ws/src/install/emergency_brake/share/emergency_brake/package.ps1'
[3.332s] INFO:colcon.colcon_core.shell:Creating package descriptor '/home/imad/ros2_ws/src/install/emergency_brake/share/emergency_brake/package.dsv'
[3.333s] INFO:colcon.colcon_core.shell:Creating package script '/home/imad/ros2_ws/src/install/emergency_brake/share/emergency_brake/package.sh'
[3.334s] INFO:colcon.colcon_core.shell:Creating package script '/home/imad/ros2_ws/src/install/emergency_brake/share/emergency_brake/package.bash'
[3.335s] INFO:colcon.colcon_core.shell:Creating package script '/home/imad/ros2_ws/src/install/emergency_brake/share/emergency_brake/package.zsh'
[3.336s] Level 1:colcon.colcon_core.environment:create_file_with_runtime_dependencies(/home/imad/ros2_ws/src/install/emergency_brake/share/colcon-core/packages/emergency_brake)
[3.339s] DEBUG:colcon.colcon_core.event_handler.log_command:Invoked command in '/home/imad/ros2_ws/src/my_car_description' returned '1': PYTHONPATH=/home/imad/ros2_ws/src/build/my_car_description/prefix_override:/usr/lib/python3/dist-packages/colcon_core/task/python/colcon_distutils_commands:/home/imad/ros2_ws/src/install/my_car_description/lib/python3.10/site-packages:${PYTHONPATH} /usr/bin/python3 -W ignore:setup.py install is deprecated -W ignore:easy_install command is deprecated setup.py egg_info --egg-base ../build/my_car_description build --build-base /home/imad/ros2_ws/src/build/my_car_description/build install --record /home/imad/ros2_ws/src/build/my_car_description/install.log --single-version-externally-managed install_data
[3.349s] DEBUG:colcon.colcon_parallel_executor.executor.parallel:closing loop
[3.349s] DEBUG:colcon.colcon_parallel_executor.executor.parallel:loop closed
[3.350s] DEBUG:colcon.colcon_parallel_executor.executor.parallel:run_until_complete finished with '1'
[3.350s] DEBUG:colcon.colcon_core.event_reactor:joining thread
[3.431s] INFO:colcon.colcon_core.plugin_system:Skipping extension 'colcon_notification.desktop_notification.notify_send': Could not find 'notify-send'
[3.431s] INFO:colcon.colcon_core.plugin_system:Skipping extension 'colcon_notification.desktop_notification.terminal_notifier': Not used on non-Darwin systems
[3.431s] INFO:colcon.colcon_core.plugin_system:Skipping extension 'colcon_notification.desktop_notification.win32': Not used on non-Windows systems
[3.431s] INFO:colcon.colcon_notification.desktop_notification:Sending desktop notification using 'notify2'
[3.432s] DEBUG:colcon.colcon_notification.desktop_notification.notify2:Failed to initialize notify2: org.freedesktop.DBus.Error.FileNotFound: Failed to connect to socket /run/user/1000/bus: No such file or directory
[3.432s] DEBUG:colcon.colcon_core.event_reactor:joined thread
[3.433s] INFO:colcon.colcon_core.shell:Creating prefix script '/home/imad/ros2_ws/src/install/local_setup.ps1'
[3.436s] INFO:colcon.colcon_core.shell:Creating prefix util module '/home/imad/ros2_ws/src/install/_local_setup_util_ps1.py'
[3.439s] INFO:colcon.colcon_core.shell:Creating prefix chain script '/home/imad/ros2_ws/src/install/setup.ps1'
[3.442s] INFO:colcon.colcon_core.shell:Creating prefix script '/home/imad/ros2_ws/src/install/local_setup.sh'
[3.444s] INFO:colcon.colcon_core.shell:Creating prefix util module '/home/imad/ros2_ws/src/install/_local_setup_util_sh.py'
[3.445s] INFO:colcon.colcon_core.shell:Creating prefix chain script '/home/imad/ros2_ws/src/install/setup.sh'
[3.447s] INFO:colcon.colcon_core.shell:Creating prefix script '/home/imad/ros2_ws/src/install/local_setup.bash'
[3.449s] INFO:colcon.colcon_core.shell:Creating prefix chain script '/home/imad/ros2_ws/src/install/setup.bash'
[3.453s] INFO:colcon.colcon_core.shell:Creating prefix script '/home/imad/ros2_ws/src/install/local_setup.zsh'
[3.455s] INFO:colcon.colcon_core.shell:Creating prefix chain script '/home/imad/ros2_ws/src/install/setup.zsh'
