[1.588s] Invoking command in '/home/imad/ros2_ws/src/my_car_description': PYTHONPATH=/home/imad/ros2_ws/src/build/my_car_description/prefix_override:/usr/lib/python3/dist-packages/colcon_core/task/python/colcon_distutils_commands:/home/imad/ros2_ws/src/install/my_car_description/lib/python3.10/site-packages:${PYTHONPATH} /usr/bin/python3 -W ignore:setup.py install is deprecated -W ignore:easy_install command is deprecated setup.py egg_info --egg-base ../build/my_car_description build --build-base /home/imad/ros2_ws/src/build/my_car_description/build install --record /home/imad/ros2_ws/src/build/my_car_description/install.log --single-version-externally-managed install_data
[1.827s] running egg_info
[1.829s] creating ../build/my_car_description/my_car_description.egg-info
[1.829s] writing ../build/my_car_description/my_car_description.egg-info/PKG-INFO
[1.829s] writing dependency_links to ../build/my_car_description/my_car_description.egg-info/dependency_links.txt
[1.829s] writing entry points to ../build/my_car_description/my_car_description.egg-info/entry_points.txt
[1.829s] writing requirements to ../build/my_car_description/my_car_description.egg-info/requires.txt
[1.829s] writing top-level names to ../build/my_car_description/my_car_description.egg-info/top_level.txt
[1.829s] writing manifest file '../build/my_car_description/my_car_description.egg-info/SOURCES.txt'
[1.831s] reading manifest file '../build/my_car_description/my_car_description.egg-info/SOURCES.txt'
[1.832s] writing manifest file '../build/my_car_description/my_car_description.egg-info/SOURCES.txt'
[1.833s] running build
[1.833s] running build_py
[1.834s] creating /home/imad/ros2_ws/src/build/my_car_description/build
[1.834s] creating /home/imad/ros2_ws/src/build/my_car_description/build/lib
[1.834s] creating /home/imad/ros2_ws/src/build/my_car_description/build/lib/my_car_description
[1.834s] copying my_car_description/__init__.py -> /home/imad/ros2_ws/src/build/my_car_description/build/lib/my_car_description
[1.834s] running install
[1.834s] running install_lib
[1.835s] creating /home/imad/ros2_ws/src/install/my_car_description/lib/python3.10/site-packages/my_car_description
[1.835s] copying /home/imad/ros2_ws/src/build/my_car_description/build/lib/my_car_description/__init__.py -> /home/imad/ros2_ws/src/install/my_car_description/lib/python3.10/site-packages/my_car_description
[1.836s] byte-compiling /home/imad/ros2_ws/src/install/my_car_description/lib/python3.10/site-packages/my_car_description/__init__.py to __init__.cpython-310.pyc
[1.836s] running install_data
[1.836s] creating /home/imad/ros2_ws/src/install/my_car_description/share/ament_index
[1.837s] creating /home/imad/ros2_ws/src/install/my_car_description/share/ament_index/resource_index
[1.837s] creating /home/imad/ros2_ws/src/install/my_car_description/share/ament_index/resource_index/packages
[1.837s] copying resource/my_car_description -> /home/imad/ros2_ws/src/install/my_car_description/share/ament_index/resource_index/packages
[1.837s] copying package.xml -> /home/imad/ros2_ws/src/install/my_car_description/share/my_car_description
[1.838s] creating /home/imad/ros2_ws/src/install/my_car_description/share/my_car_description/urdf
[1.838s] copying urdf/simple_car.urdf.xacro -> /home/imad/ros2_ws/src/install/my_car_description/share/my_car_description/urdf
[1.838s] creating /home/imad/ros2_ws/src/install/my_car_description/share/my_car_description/launch
[1.838s] copying launch/spawn_car.launch.py -> /home/imad/ros2_ws/src/install/my_car_description/share/my_car_description/launch
[1.838s] running install_egg_info
[1.840s] Copying ../build/my_car_description/my_car_description.egg-info to /home/imad/ros2_ws/src/install/my_car_description/lib/python3.10/site-packages/my_car_description-0.0.0-py3.10.egg-info
[1.841s] running install_scripts
[1.863s] writing list of installed files to '/home/imad/ros2_ws/src/build/my_car_description/install.log'
[1.910s] Invoked command in '/home/imad/ros2_ws/src/my_car_description' returned '0': PYTHONPATH=/home/imad/ros2_ws/src/build/my_car_description/prefix_override:/usr/lib/python3/dist-packages/colcon_core/task/python/colcon_distutils_commands:/home/imad/ros2_ws/src/install/my_car_description/lib/python3.10/site-packages:${PYTHONPATH} /usr/bin/python3 -W ignore:setup.py install is deprecated -W ignore:easy_install command is deprecated setup.py egg_info --egg-base ../build/my_car_description build --build-base /home/imad/ros2_ws/src/build/my_car_description/build install --record /home/imad/ros2_ws/src/build/my_car_description/install.log --single-version-externally-managed install_data
